/Users/michaelbuckingham/Library/Python/3.9/lib/python/site-packages/urllib3/__init__.py:35: NotOpenSSLWarning: urllib3 v2 only supports OpenSSL 1.1.1+, currently the 'ssl' module is compiled with 'LibreSSL 2.8.3'. See: https://github.com/urllib3/urllib3/issues/3020
  warnings.warn(
/Users/michaelbuckingham/Library/Python/3.9/lib/python/site-packages/urllib3/__init__.py:35: NotOpenSSLWarning: urllib3 v2 only supports OpenSSL 1.1.1+, currently the 'ssl' module is compiled with 'LibreSSL 2.8.3'. See: https://github.com/urllib3/urllib3/issues/3020
  warnings.warn(
Using Voyage model: voyage-multimodal-3 (multimodal)
Supabase URL: https://base.tachyonfuture.com
Batch size: 10

Processing 10 patterns (starting at ID 297)...
  ✓ Pattern 297 (1 done, 0 errors)
  ✓ Pattern 298 (2 done, 0 errors)
  ✓ Pattern 299 (3 done, 0 errors)
  ✓ Pattern 300 (4 done, 0 errors)
  ✓ Pattern 301 (5 done, 0 errors)
  ✓ Pattern 302 (6 done, 0 errors)
  ✓ Pattern 303 (7 done, 0 errors)
  ✓ Pattern 304 (8 done, 0 errors)
  ✓ Pattern 305 (9 done, 0 errors)
  ✓ Pattern 306 (10 done, 0 errors)
Processing 10 patterns (starting at ID 307)...
  ✓ Pattern 307 (11 done, 0 errors)
  ✓ Pattern 308 (12 done, 0 errors)
  ✓ Pattern 309 (13 done, 0 errors)
  ✓ Pattern 310 (14 done, 0 errors)
  ✓ Pattern 311 (15 done, 0 errors)
  ✓ Pattern 312 (16 done, 0 errors)
  ✓ Pattern 313 (17 done, 0 errors)
  ✓ Pattern 314 (18 done, 0 errors)
  ✓ Pattern 315 (19 done, 0 errors)
  ✓ Pattern 316 (20 done, 0 errors)
Processing 10 patterns (starting at ID 317)...
  ✓ Pattern 317 (21 done, 0 errors)
  ✓ Pattern 318 (22 done, 0 errors)
  ✓ Pattern 319 (23 done, 0 errors)
  ✓ Pattern 320 (24 done, 0 errors)
  ✓ Pattern 321 (25 done, 0 errors)
  ✓ Pattern 322 (26 done, 0 errors)
  ✓ Pattern 323 (27 done, 0 errors)
  ✓ Pattern 324 (28 done, 0 errors)
  ✓ Pattern 325 (29 done, 0 errors)
  ✓ Pattern 326 (30 done, 0 errors)
Processing 10 patterns (starting at ID 327)...
  ✓ Pattern 327 (31 done, 0 errors)
  ✓ Pattern 328 (32 done, 0 errors)
  ✓ Pattern 329 (33 done, 0 errors)
  ✓ Pattern 330 (34 done, 0 errors)
  ✓ Pattern 331 (35 done, 0 errors)
  ✓ Pattern 332 (36 done, 0 errors)
  ✓ Pattern 333 (37 done, 0 errors)
  ✓ Pattern 334 (38 done, 0 errors)
  ✓ Pattern 335 (39 done, 0 errors)
  ✓ Pattern 336 (40 done, 0 errors)
Processing 10 patterns (starting at ID 337)...
  ✓ Pattern 337 (41 done, 0 errors)
  ✓ Pattern 338 (42 done, 0 errors)
  ✓ Pattern 339 (43 done, 0 errors)
  ✓ Pattern 340 (44 done, 0 errors)
  ✓ Pattern 341 (45 done, 0 errors)
  ✓ Pattern 342 (46 done, 0 errors)
  ✓ Pattern 343 (47 done, 0 errors)
  ✓ Pattern 344 (48 done, 0 errors)
  ✓ Pattern 345 (49 done, 0 errors)
  ✓ Pattern 346 (50 done, 0 errors)
Processing 10 patterns (starting at ID 347)...
  ✓ Pattern 347 (51 done, 0 errors)
  ✓ Pattern 348 (52 done, 0 errors)
  ✓ Pattern 349 (53 done, 0 errors)
  ✓ Pattern 350 (54 done, 0 errors)
  ✓ Pattern 351 (55 done, 0 errors)
  ✓ Pattern 352 (56 done, 0 errors)
  ✓ Pattern 353 (57 done, 0 errors)
  ✓ Pattern 354 (58 done, 0 errors)
  ✓ Pattern 355 (59 done, 0 errors)
  ✓ Pattern 356 (60 done, 0 errors)
Processing 10 patterns (starting at ID 357)...
  ✓ Pattern 357 (61 done, 0 errors)
  ✓ Pattern 358 (62 done, 0 errors)
  ✓ Pattern 359 (63 done, 0 errors)
  ✓ Pattern 360 (64 done, 0 errors)
  ✓ Pattern 361 (65 done, 0 errors)
  ✓ Pattern 362 (66 done, 0 errors)
  ✓ Pattern 363 (67 done, 0 errors)
  ✓ Pattern 364 (68 done, 0 errors)
  ✓ Pattern 365 (69 done, 0 errors)
  ✓ Pattern 366 (70 done, 0 errors)
Processing 10 patterns (starting at ID 367)...
  ✓ Pattern 367 (71 done, 0 errors)
  ✓ Pattern 368 (72 done, 0 errors)
  ✓ Pattern 369 (73 done, 0 errors)
  ✓ Pattern 371 (74 done, 0 errors)
  ✓ Pattern 372 (75 done, 0 errors)
  ✓ Pattern 373 (76 done, 0 errors)
  ✓ Pattern 374 (77 done, 0 errors)
  ✓ Pattern 375 (78 done, 0 errors)
  ✓ Pattern 376 (79 done, 0 errors)
  ✓ Pattern 377 (80 done, 0 errors)
Processing 10 patterns (starting at ID 378)...
  ✓ Pattern 378 (81 done, 0 errors)
  ✓ Pattern 379 (82 done, 0 errors)
  ✓ Pattern 380 (83 done, 0 errors)
  ✓ Pattern 381 (84 done, 0 errors)
  ✓ Pattern 382 (85 done, 0 errors)
  ✓ Pattern 383 (86 done, 0 errors)
  ✓ Pattern 384 (87 done, 0 errors)
  ✓ Pattern 385 (88 done, 0 errors)
  ✓ Pattern 386 (89 done, 0 errors)
  ✓ Pattern 387 (90 done, 0 errors)
Processing 10 patterns (starting at ID 388)...
  ✓ Pattern 388 (91 done, 0 errors)
  ✓ Pattern 389 (92 done, 0 errors)
  ✓ Pattern 390 (93 done, 0 errors)
  ✓ Pattern 391 (94 done, 0 errors)
  ✓ Pattern 392 (95 done, 0 errors)
  ✓ Pattern 393 (96 done, 0 errors)
  ✓ Pattern 394 (97 done, 0 errors)
  ✓ Pattern 395 (98 done, 0 errors)
  ✓ Pattern 396 (99 done, 0 errors)
  ✓ Pattern 397 (100 done, 0 errors)
Processing 10 patterns (starting at ID 398)...
  ✓ Pattern 398 (101 done, 0 errors)
  ✓ Pattern 399 (102 done, 0 errors)
  ✓ Pattern 400 (103 done, 0 errors)
  ✓ Pattern 401 (104 done, 0 errors)
  ✓ Pattern 402 (105 done, 0 errors)
  ✓ Pattern 403 (106 done, 0 errors)
  ✓ Pattern 404 (107 done, 0 errors)
  ✓ Pattern 405 (108 done, 0 errors)
  ✓ Pattern 406 (109 done, 0 errors)
  ✓ Pattern 407 (110 done, 0 errors)
Processing 10 patterns (starting at ID 408)...
  ✓ Pattern 408 (111 done, 0 errors)
  ✓ Pattern 409 (112 done, 0 errors)
  ✓ Pattern 410 (113 done, 0 errors)
  ✓ Pattern 411 (114 done, 0 errors)
  ✓ Pattern 412 (115 done, 0 errors)
  ✓ Pattern 413 (116 done, 0 errors)
  ✓ Pattern 414 (117 done, 0 errors)
  ✓ Pattern 415 (118 done, 0 errors)
  ✓ Pattern 416 (119 done, 0 errors)
  ✓ Pattern 417 (120 done, 0 errors)
Processing 10 patterns (starting at ID 418)...
  ✓ Pattern 418 (121 done, 0 errors)
  ✓ Pattern 419 (122 done, 0 errors)
  ✓ Pattern 420 (123 done, 0 errors)
  ✓ Pattern 421 (124 done, 0 errors)
  ✓ Pattern 422 (125 done, 0 errors)
  ✓ Pattern 423 (126 done, 0 errors)
  ✓ Pattern 424 (127 done, 0 errors)
  ✓ Pattern 425 (128 done, 0 errors)
  ✓ Pattern 426 (129 done, 0 errors)
  ✓ Pattern 427 (130 done, 0 errors)
Processing 10 patterns (starting at ID 428)...
  ✓ Pattern 428 (131 done, 0 errors)
  ✓ Pattern 429 (132 done, 0 errors)
  ✓ Pattern 430 (133 done, 0 errors)
  ✓ Pattern 431 (134 done, 0 errors)
  ✓ Pattern 432 (135 done, 0 errors)
  ✓ Pattern 433 (136 done, 0 errors)
  ✓ Pattern 434 (137 done, 0 errors)
  ✓ Pattern 435 (138 done, 0 errors)
  ✓ Pattern 436 (139 done, 0 errors)
  ✓ Pattern 437 (140 done, 0 errors)
Processing 10 patterns (starting at ID 438)...
  ✓ Pattern 438 (141 done, 0 errors)
  ✓ Pattern 439 (142 done, 0 errors)
  ✓ Pattern 440 (143 done, 0 errors)
  ✓ Pattern 441 (144 done, 0 errors)
  ✓ Pattern 442 (145 done, 0 errors)
  ✓ Pattern 443 (146 done, 0 errors)
  ✓ Pattern 444 (147 done, 0 errors)
  ✓ Pattern 445 (148 done, 0 errors)
  ✓ Pattern 446 (149 done, 0 errors)
  ✓ Pattern 447 (150 done, 0 errors)
Processing 10 patterns (starting at ID 448)...
  ✓ Pattern 448 (151 done, 0 errors)
  ✓ Pattern 449 (152 done, 0 errors)
  ✓ Pattern 450 (153 done, 0 errors)
  ✓ Pattern 451 (154 done, 0 errors)
  ✓ Pattern 452 (155 done, 0 errors)
  ✓ Pattern 453 (156 done, 0 errors)
  ✓ Pattern 454 (157 done, 0 errors)
  ✓ Pattern 455 (158 done, 0 errors)
  ✓ Pattern 456 (159 done, 0 errors)
  ✓ Pattern 457 (160 done, 0 errors)
Processing 10 patterns (starting at ID 458)...
  ✓ Pattern 458 (161 done, 0 errors)
  ✓ Pattern 459 (162 done, 0 errors)
  ✓ Pattern 460 (163 done, 0 errors)
  ✓ Pattern 461 (164 done, 0 errors)
  ✓ Pattern 462 (165 done, 0 errors)
  ✓ Pattern 463 (166 done, 0 errors)
  ✓ Pattern 464 (167 done, 0 errors)
  ✓ Pattern 465 (168 done, 0 errors)
  ✓ Pattern 466 (169 done, 0 errors)
  ✓ Pattern 467 (170 done, 0 errors)
Processing 10 patterns (starting at ID 468)...
  ✓ Pattern 468 (171 done, 0 errors)
  ✓ Pattern 469 (172 done, 0 errors)
  ✓ Pattern 470 (173 done, 0 errors)
  ✓ Pattern 471 (174 done, 0 errors)
  ✓ Pattern 472 (175 done, 0 errors)
  ✓ Pattern 473 (176 done, 0 errors)
  ✓ Pattern 474 (177 done, 0 errors)
  ✓ Pattern 475 (178 done, 0 errors)
  ✓ Pattern 476 (179 done, 0 errors)
  ✓ Pattern 477 (180 done, 0 errors)
Processing 10 patterns (starting at ID 478)...
  ✓ Pattern 478 (181 done, 0 errors)
  ✓ Pattern 479 (182 done, 0 errors)
  ✓ Pattern 480 (183 done, 0 errors)
  ✓ Pattern 481 (184 done, 0 errors)
  ✓ Pattern 482 (185 done, 0 errors)
  ✓ Pattern 483 (186 done, 0 errors)
  ✓ Pattern 484 (187 done, 0 errors)
  ✓ Pattern 485 (188 done, 0 errors)
  ✓ Pattern 486 (189 done, 0 errors)
  ✓ Pattern 487 (190 done, 0 errors)
Processing 10 patterns (starting at ID 488)...
  ✓ Pattern 488 (191 done, 0 errors)
  ✓ Pattern 489 (192 done, 0 errors)
  ✓ Pattern 490 (193 done, 0 errors)
  ✓ Pattern 491 (194 done, 0 errors)
  ✓ Pattern 492 (195 done, 0 errors)
  ✓ Pattern 493 (196 done, 0 errors)
  ✓ Pattern 494 (197 done, 0 errors)
  ✓ Pattern 495 (198 done, 0 errors)
  ✓ Pattern 496 (199 done, 0 errors)
  ✓ Pattern 497 (200 done, 0 errors)
Processing 10 patterns (starting at ID 498)...
  ✓ Pattern 498 (201 done, 0 errors)
  ✓ Pattern 499 (202 done, 0 errors)
  ✓ Pattern 500 (203 done, 0 errors)
  ✓ Pattern 501 (204 done, 0 errors)
  ✓ Pattern 502 (205 done, 0 errors)
  ✓ Pattern 503 (206 done, 0 errors)
  ✓ Pattern 504 (207 done, 0 errors)
  ✓ Pattern 505 (208 done, 0 errors)
  ✓ Pattern 506 (209 done, 0 errors)
  ✓ Pattern 507 (210 done, 0 errors)
Processing 10 patterns (starting at ID 508)...
  ✓ Pattern 508 (211 done, 0 errors)
  ✓ Pattern 509 (212 done, 0 errors)
  ✓ Pattern 510 (213 done, 0 errors)
  ✓ Pattern 511 (214 done, 0 errors)
  ✓ Pattern 512 (215 done, 0 errors)
  ✓ Pattern 513 (216 done, 0 errors)
  ✓ Pattern 514 (217 done, 0 errors)
  ✓ Pattern 515 (218 done, 0 errors)
  ✓ Pattern 516 (219 done, 0 errors)
  ✓ Pattern 517 (220 done, 0 errors)
Processing 10 patterns (starting at ID 518)...
  ✓ Pattern 518 (221 done, 0 errors)
  ✓ Pattern 519 (222 done, 0 errors)
  ✓ Pattern 520 (223 done, 0 errors)
  ✓ Pattern 521 (224 done, 0 errors)
  ✓ Pattern 522 (225 done, 0 errors)
  ✓ Pattern 523 (226 done, 0 errors)
  ✓ Pattern 524 (227 done, 0 errors)
  ✓ Pattern 525 (228 done, 0 errors)
  ✓ Pattern 526 (229 done, 0 errors)
  ✓ Pattern 527 (230 done, 0 errors)
Processing 10 patterns (starting at ID 528)...
  ✓ Pattern 528 (231 done, 0 errors)
  ✓ Pattern 529 (232 done, 0 errors)
  ✓ Pattern 530 (233 done, 0 errors)
  ✓ Pattern 531 (234 done, 0 errors)
  ✓ Pattern 532 (235 done, 0 errors)
  ✓ Pattern 533 (236 done, 0 errors)
  ✓ Pattern 534 (237 done, 0 errors)
  ✓ Pattern 535 (238 done, 0 errors)
  ✓ Pattern 536 (239 done, 0 errors)
  ✓ Pattern 537 (240 done, 0 errors)
Processing 10 patterns (starting at ID 538)...
  ✓ Pattern 538 (241 done, 0 errors)
  ✓ Pattern 539 (242 done, 0 errors)
  ✓ Pattern 540 (243 done, 0 errors)
  ✓ Pattern 541 (244 done, 0 errors)
  ✓ Pattern 542 (245 done, 0 errors)
  ✓ Pattern 543 (246 done, 0 errors)
  ✓ Pattern 544 (247 done, 0 errors)
  ✓ Pattern 545 (248 done, 0 errors)
  ✓ Pattern 546 (249 done, 0 errors)
  ✓ Pattern 547 (250 done, 0 errors)
Processing 10 patterns (starting at ID 548)...
  ✓ Pattern 548 (251 done, 0 errors)
  ✓ Pattern 549 (252 done, 0 errors)
  ✓ Pattern 550 (253 done, 0 errors)
  ✓ Pattern 551 (254 done, 0 errors)
  ✓ Pattern 552 (255 done, 0 errors)
  ✓ Pattern 553 (256 done, 0 errors)
  ✓ Pattern 554 (257 done, 0 errors)
  ✓ Pattern 555 (258 done, 0 errors)
  ✓ Pattern 556 (259 done, 0 errors)
  ✓ Pattern 557 (260 done, 0 errors)
Processing 10 patterns (starting at ID 558)...
  ✓ Pattern 558 (261 done, 0 errors)
  ✓ Pattern 559 (262 done, 0 errors)
  ✓ Pattern 560 (263 done, 0 errors)
  ✓ Pattern 561 (264 done, 0 errors)
  ✓ Pattern 562 (265 done, 0 errors)
  ✓ Pattern 563 (266 done, 0 errors)
  ✓ Pattern 564 (267 done, 0 errors)
  ✓ Pattern 565 (268 done, 0 errors)
  ✓ Pattern 566 (269 done, 0 errors)
  ✓ Pattern 567 (270 done, 0 errors)
Processing 10 patterns (starting at ID 568)...
  ✓ Pattern 568 (271 done, 0 errors)
  ✓ Pattern 569 (272 done, 0 errors)
  ✓ Pattern 570 (273 done, 0 errors)
  ✓ Pattern 571 (274 done, 0 errors)
  ✓ Pattern 572 (275 done, 0 errors)
  ✓ Pattern 573 (276 done, 0 errors)
  ✓ Pattern 574 (277 done, 0 errors)
  ✓ Pattern 575 (278 done, 0 errors)
  ✓ Pattern 576 (279 done, 0 errors)
  ✓ Pattern 577 (280 done, 0 errors)
Processing 10 patterns (starting at ID 578)...
  ✓ Pattern 578 (281 done, 0 errors)
  ✓ Pattern 579 (282 done, 0 errors)
  ✓ Pattern 580 (283 done, 0 errors)
  ✓ Pattern 581 (284 done, 0 errors)
  ✓ Pattern 582 (285 done, 0 errors)
  ✓ Pattern 583 (286 done, 0 errors)
  ✓ Pattern 584 (287 done, 0 errors)
  ✓ Pattern 585 (288 done, 0 errors)
  ✓ Pattern 586 (289 done, 0 errors)
  ✓ Pattern 587 (290 done, 0 errors)
Processing 10 patterns (starting at ID 588)...
  ✓ Pattern 588 (291 done, 0 errors)
  ✓ Pattern 589 (292 done, 0 errors)
  ✓ Pattern 590 (293 done, 0 errors)
  ✓ Pattern 591 (294 done, 0 errors)
  ✓ Pattern 592 (295 done, 0 errors)
  ✓ Pattern 593 (296 done, 0 errors)
  ✓ Pattern 594 (297 done, 0 errors)
  ✓ Pattern 595 (298 done, 0 errors)
  ✓ Pattern 596 (299 done, 0 errors)
  ✓ Pattern 597 (300 done, 0 errors)
Processing 10 patterns (starting at ID 598)...
  ✓ Pattern 598 (301 done, 0 errors)
  ✓ Pattern 599 (302 done, 0 errors)
  ✓ Pattern 600 (303 done, 0 errors)
  ✓ Pattern 601 (304 done, 0 errors)
  ✓ Pattern 602 (305 done, 0 errors)
  ✓ Pattern 603 (306 done, 0 errors)
  ✓ Pattern 604 (307 done, 0 errors)
  ✓ Pattern 605 (308 done, 0 errors)
  ✓ Pattern 606 (309 done, 0 errors)
  ✓ Pattern 607 (310 done, 0 errors)
Processing 10 patterns (starting at ID 608)...
  ✓ Pattern 608 (311 done, 0 errors)
  ✓ Pattern 609 (312 done, 0 errors)
  ✓ Pattern 610 (313 done, 0 errors)
  ✓ Pattern 611 (314 done, 0 errors)
  ✓ Pattern 612 (315 done, 0 errors)
  ✓ Pattern 613 (316 done, 0 errors)
  ✓ Pattern 614 (317 done, 0 errors)
  ✓ Pattern 615 (318 done, 0 errors)
  ✓ Pattern 616 (319 done, 0 errors)
  ✓ Pattern 617 (320 done, 0 errors)
Processing 10 patterns (starting at ID 618)...
  ✓ Pattern 618 (321 done, 0 errors)
  ✓ Pattern 619 (322 done, 0 errors)
  ✓ Pattern 620 (323 done, 0 errors)
  ✓ Pattern 621 (324 done, 0 errors)
  ✓ Pattern 622 (325 done, 0 errors)
  ✓ Pattern 623 (326 done, 0 errors)
  ✓ Pattern 624 (327 done, 0 errors)
  ✓ Pattern 625 (328 done, 0 errors)
  ✓ Pattern 626 (329 done, 0 errors)
  ✓ Pattern 627 (330 done, 0 errors)
Processing 10 patterns (starting at ID 628)...
  ✓ Pattern 628 (331 done, 0 errors)
  ✓ Pattern 629 (332 done, 0 errors)
  ✓ Pattern 630 (333 done, 0 errors)
  ✓ Pattern 631 (334 done, 0 errors)
  ✓ Pattern 632 (335 done, 0 errors)
  ✓ Pattern 633 (336 done, 0 errors)
  ✓ Pattern 634 (337 done, 0 errors)
  ✓ Pattern 635 (338 done, 0 errors)
  ✓ Pattern 636 (339 done, 0 errors)
  ✓ Pattern 637 (340 done, 0 errors)
Processing 10 patterns (starting at ID 638)...
  ✓ Pattern 638 (341 done, 0 errors)
  ✓ Pattern 639 (342 done, 0 errors)
  ✓ Pattern 640 (343 done, 0 errors)
  ✓ Pattern 641 (344 done, 0 errors)
  ✓ Pattern 642 (345 done, 0 errors)
  ✓ Pattern 643 (346 done, 0 errors)
  ✓ Pattern 644 (347 done, 0 errors)
  ✓ Pattern 645 (348 done, 0 errors)
  ✓ Pattern 646 (349 done, 0 errors)
  ✓ Pattern 647 (350 done, 0 errors)
Processing 10 patterns (starting at ID 648)...
  ✓ Pattern 648 (351 done, 0 errors)
  ✓ Pattern 649 (352 done, 0 errors)
  ✓ Pattern 671 (353 done, 0 errors)
  ✓ Pattern 672 (354 done, 0 errors)
  ✓ Pattern 673 (355 done, 0 errors)
  ✓ Pattern 674 (356 done, 0 errors)
  ✓ Pattern 675 (357 done, 0 errors)
  ✓ Pattern 676 (358 done, 0 errors)
  ✓ Pattern 677 (359 done, 0 errors)
  ✓ Pattern 678 (360 done, 0 errors)
Processing 10 patterns (starting at ID 679)...
  ✓ Pattern 679 (361 done, 0 errors)
  ✓ Pattern 680 (362 done, 0 errors)
  ✓ Pattern 681 (363 done, 0 errors)
  ✓ Pattern 682 (364 done, 0 errors)
  ✓ Pattern 683 (365 done, 0 errors)
  ✓ Pattern 684 (366 done, 0 errors)
  ✓ Pattern 685 (367 done, 0 errors)
  ✓ Pattern 686 (368 done, 0 errors)
  ✓ Pattern 687 (369 done, 0 errors)
  ✓ Pattern 688 (370 done, 0 errors)
Processing 10 patterns (starting at ID 689)...
  ✓ Pattern 689 (371 done, 0 errors)
  ✓ Pattern 690 (372 done, 0 errors)
  ✓ Pattern 691 (373 done, 0 errors)
  ✓ Pattern 692 (374 done, 0 errors)
  ✓ Pattern 693 (375 done, 0 errors)
  ✓ Pattern 694 (376 done, 0 errors)
  ✓ Pattern 695 (377 done, 0 errors)
  ✓ Pattern 696 (378 done, 0 errors)
  ✓ Pattern 697 (379 done, 0 errors)
  ✓ Pattern 698 (380 done, 0 errors)
Processing 10 patterns (starting at ID 699)...
  ✓ Pattern 699 (381 done, 0 errors)
  ✓ Pattern 700 (382 done, 0 errors)
  ✓ Pattern 702 (383 done, 0 errors)
  ✓ Pattern 703 (384 done, 0 errors)
  ✓ Pattern 704 (385 done, 0 errors)
  ✓ Pattern 705 (386 done, 0 errors)
  ✓ Pattern 706 (387 done, 0 errors)
  ✓ Pattern 707 (388 done, 0 errors)
  ✓ Pattern 708 (389 done, 0 errors)
  ✓ Pattern 709 (390 done, 0 errors)
Processing 10 patterns (starting at ID 710)...
  ✓ Pattern 710 (391 done, 0 errors)
  ✓ Pattern 711 (392 done, 0 errors)
  ✓ Pattern 712 (393 done, 0 errors)
  ✓ Pattern 713 (394 done, 0 errors)
  ✓ Pattern 714 (395 done, 0 errors)
  ✓ Pattern 715 (396 done, 0 errors)
  ✓ Pattern 716 (397 done, 0 errors)
  ✓ Pattern 717 (398 done, 0 errors)
  ✓ Pattern 718 (399 done, 0 errors)
  ✓ Pattern 719 (400 done, 0 errors)
Processing 10 patterns (starting at ID 720)...
  ✓ Pattern 720 (401 done, 0 errors)
  ✓ Pattern 721 (402 done, 0 errors)
  ✓ Pattern 722 (403 done, 0 errors)
  ✓ Pattern 723 (404 done, 0 errors)
  ✓ Pattern 724 (405 done, 0 errors)
  ✓ Pattern 725 (406 done, 0 errors)
  ✓ Pattern 726 (407 done, 0 errors)
  ✓ Pattern 727 (408 done, 0 errors)
  ✓ Pattern 728 (409 done, 0 errors)
  ✓ Pattern 729 (410 done, 0 errors)
Processing 10 patterns (starting at ID 730)...
  ✓ Pattern 730 (411 done, 0 errors)
  ✓ Pattern 731 (412 done, 0 errors)
  ✓ Pattern 732 (413 done, 0 errors)
  ✓ Pattern 733 (414 done, 0 errors)
  ✓ Pattern 734 (415 done, 0 errors)
  ✓ Pattern 735 (416 done, 0 errors)
  ✓ Pattern 736 (417 done, 0 errors)
  ✓ Pattern 737 (418 done, 0 errors)
  ✓ Pattern 738 (419 done, 0 errors)
  ✓ Pattern 739 (420 done, 0 errors)
Processing 10 patterns (starting at ID 740)...
  ✓ Pattern 740 (421 done, 0 errors)
  ✓ Pattern 741 (422 done, 0 errors)
  ✓ Pattern 742 (423 done, 0 errors)
  ✓ Pattern 743 (424 done, 0 errors)
  ✓ Pattern 744 (425 done, 0 errors)
  ✓ Pattern 745 (426 done, 0 errors)
  ✓ Pattern 746 (427 done, 0 errors)
  ✓ Pattern 747 (428 done, 0 errors)
  ✓ Pattern 748 (429 done, 0 errors)
  ✓ Pattern 749 (430 done, 0 errors)
Processing 10 patterns (starting at ID 750)...
  ✓ Pattern 750 (431 done, 0 errors)
  ✓ Pattern 751 (432 done, 0 errors)
  ✓ Pattern 752 (433 done, 0 errors)
  ✓ Pattern 753 (434 done, 0 errors)
  ✓ Pattern 754 (435 done, 0 errors)
  ✓ Pattern 755 (436 done, 0 errors)
  ✓ Pattern 756 (437 done, 0 errors)
  ✓ Pattern 757 (438 done, 0 errors)
  ✓ Pattern 758 (439 done, 0 errors)
  ✓ Pattern 759 (440 done, 0 errors)
Processing 10 patterns (starting at ID 760)...
  ✓ Pattern 760 (441 done, 0 errors)
  ✓ Pattern 761 (442 done, 0 errors)
  ✓ Pattern 762 (443 done, 0 errors)
  ✓ Pattern 763 (444 done, 0 errors)
  ✓ Pattern 764 (445 done, 0 errors)
  ✓ Pattern 765 (446 done, 0 errors)
  ✓ Pattern 766 (447 done, 0 errors)
  ✓ Pattern 767 (448 done, 0 errors)
  ✓ Pattern 768 (449 done, 0 errors)
  ✓ Pattern 769 (450 done, 0 errors)
Processing 10 patterns (starting at ID 770)...
  ✓ Pattern 770 (451 done, 0 errors)
  ✓ Pattern 771 (452 done, 0 errors)
  ✓ Pattern 772 (453 done, 0 errors)
  ✓ Pattern 773 (454 done, 0 errors)
  ✓ Pattern 774 (455 done, 0 errors)
  ✓ Pattern 775 (456 done, 0 errors)
  ✓ Pattern 776 (457 done, 0 errors)
  ✓ Pattern 777 (458 done, 0 errors)
  ✓ Pattern 778 (459 done, 0 errors)
  ✓ Pattern 779 (460 done, 0 errors)
Processing 10 patterns (starting at ID 780)...
  ✓ Pattern 780 (461 done, 0 errors)
  ✓ Pattern 781 (462 done, 0 errors)
  ✓ Pattern 782 (463 done, 0 errors)
  ✓ Pattern 783 (464 done, 0 errors)
  ✓ Pattern 784 (465 done, 0 errors)
  ✓ Pattern 785 (466 done, 0 errors)
  ✓ Pattern 786 (467 done, 0 errors)
  ✓ Pattern 787 (468 done, 0 errors)
  ✓ Pattern 788 (469 done, 0 errors)
  ✓ Pattern 789 (470 done, 0 errors)
Processing 10 patterns (starting at ID 790)...
  ✓ Pattern 790 (471 done, 0 errors)
  ✓ Pattern 791 (472 done, 0 errors)
  ✓ Pattern 792 (473 done, 0 errors)
  ✓ Pattern 793 (474 done, 0 errors)
  ✓ Pattern 794 (475 done, 0 errors)
  ✓ Pattern 795 (476 done, 0 errors)
  ✓ Pattern 796 (477 done, 0 errors)
  ✓ Pattern 797 (478 done, 0 errors)
  ✓ Pattern 798 (479 done, 0 errors)
  ✓ Pattern 799 (480 done, 0 errors)
Processing 10 patterns (starting at ID 800)...
  ✓ Pattern 800 (481 done, 0 errors)
  ✓ Pattern 801 (482 done, 0 errors)
  ✓ Pattern 802 (483 done, 0 errors)
  ✓ Pattern 803 (484 done, 0 errors)
  ✓ Pattern 804 (485 done, 0 errors)
  ✓ Pattern 805 (486 done, 0 errors)
  ✓ Pattern 806 (487 done, 0 errors)
  ✓ Pattern 807 (488 done, 0 errors)
  ✓ Pattern 808 (489 done, 0 errors)
  ✓ Pattern 809 (490 done, 0 errors)
Processing 10 patterns (starting at ID 810)...
  ✓ Pattern 810 (491 done, 0 errors)
  ✓ Pattern 811 (492 done, 0 errors)
  ✓ Pattern 812 (493 done, 0 errors)
  ✓ Pattern 813 (494 done, 0 errors)
  ✓ Pattern 814 (495 done, 0 errors)
  ✓ Pattern 815 (496 done, 0 errors)
  ✓ Pattern 816 (497 done, 0 errors)
  ✓ Pattern 817 (498 done, 0 errors)
  ✓ Pattern 818 (499 done, 0 errors)
  ✓ Pattern 819 (500 done, 0 errors)
Processing 10 patterns (starting at ID 820)...
  ✓ Pattern 820 (501 done, 0 errors)
  ✓ Pattern 821 (502 done, 0 errors)
  ✓ Pattern 822 (503 done, 0 errors)
  ✓ Pattern 823 (504 done, 0 errors)
  ✓ Pattern 824 (505 done, 0 errors)
  ✓ Pattern 825 (506 done, 0 errors)
  ✓ Pattern 826 (507 done, 0 errors)
  ✓ Pattern 827 (508 done, 0 errors)
  ✓ Pattern 828 (509 done, 0 errors)
  ✓ Pattern 829 (510 done, 0 errors)
Processing 10 patterns (starting at ID 830)...
  ✓ Pattern 830 (511 done, 0 errors)
  ✓ Pattern 831 (512 done, 0 errors)
  ✓ Pattern 832 (513 done, 0 errors)
  ✓ Pattern 833 (514 done, 0 errors)
  ✓ Pattern 834 (515 done, 0 errors)
  ✓ Pattern 835 (516 done, 0 errors)
  ✓ Pattern 836 (517 done, 0 errors)
  ✓ Pattern 838 (518 done, 0 errors)
  ✓ Pattern 839 (519 done, 0 errors)
  ✓ Pattern 840 (520 done, 0 errors)
Processing 10 patterns (starting at ID 841)...
  ✓ Pattern 841 (521 done, 0 errors)
  ✓ Pattern 842 (522 done, 0 errors)
  ✓ Pattern 843 (523 done, 0 errors)
  ✓ Pattern 844 (524 done, 0 errors)
  ✓ Pattern 846 (525 done, 0 errors)
  ✓ Pattern 847 (526 done, 0 errors)
  ✓ Pattern 852 (527 done, 0 errors)
  ✓ Pattern 856 (528 done, 0 errors)
  ✓ Pattern 857 (529 done, 0 errors)
  ✓ Pattern 858 (530 done, 0 errors)
Processing 10 patterns (starting at ID 875)...
  ✓ Pattern 875 (531 done, 0 errors)
  ✓ Pattern 876 (532 done, 0 errors)
  ✓ Pattern 884 (533 done, 0 errors)
  ✓ Pattern 885 (534 done, 0 errors)
  ✓ Pattern 893 (535 done, 0 errors)
  ✓ Pattern 894 (536 done, 0 errors)
  ✓ Pattern 895 (537 done, 0 errors)
  ✓ Pattern 896 (538 done, 0 errors)
  ✓ Pattern 897 (539 done, 0 errors)
  ✓ Pattern 898 (540 done, 0 errors)
Processing 10 patterns (starting at ID 899)...
  ✓ Pattern 899 (541 done, 0 errors)
  ✓ Pattern 900 (542 done, 0 errors)
  ✓ Pattern 901 (543 done, 0 errors)
  ✓ Pattern 902 (544 done, 0 errors)
  ✓ Pattern 903 (545 done, 0 errors)
  ✓ Pattern 904 (546 done, 0 errors)
  ✓ Pattern 905 (547 done, 0 errors)
  ✓ Pattern 906 (548 done, 0 errors)
  ✓ Pattern 907 (549 done, 0 errors)
  ✓ Pattern 908 (550 done, 0 errors)
Processing 10 patterns (starting at ID 909)...
  ✓ Pattern 909 (551 done, 0 errors)
  ✓ Pattern 910 (552 done, 0 errors)
  ✓ Pattern 911 (553 done, 0 errors)
  ✓ Pattern 913 (554 done, 0 errors)
  ✓ Pattern 914 (555 done, 0 errors)
  ✓ Pattern 915 (556 done, 0 errors)
  ✓ Pattern 916 (557 done, 0 errors)
  ✓ Pattern 917 (558 done, 0 errors)
  ✓ Pattern 918 (559 done, 0 errors)
  ✓ Pattern 919 (560 done, 0 errors)
Processing 10 patterns (starting at ID 920)...
  ✓ Pattern 920 (561 done, 0 errors)
  ✓ Pattern 921 (562 done, 0 errors)
  ✓ Pattern 922 (563 done, 0 errors)
  ✓ Pattern 923 (564 done, 0 errors)
  ✓ Pattern 924 (565 done, 0 errors)
  ✓ Pattern 925 (566 done, 0 errors)
  ✓ Pattern 926 (567 done, 0 errors)
  ✓ Pattern 927 (568 done, 0 errors)
  ✓ Pattern 928 (569 done, 0 errors)
  ✓ Pattern 929 (570 done, 0 errors)
Processing 10 patterns (starting at ID 930)...
  ✓ Pattern 930 (571 done, 0 errors)
  ✓ Pattern 931 (572 done, 0 errors)
  ✓ Pattern 932 (573 done, 0 errors)
  ✓ Pattern 933 (574 done, 0 errors)
  ✓ Pattern 934 (575 done, 0 errors)
  ✓ Pattern 935 (576 done, 0 errors)
  ✓ Pattern 936 (577 done, 0 errors)
  ✓ Pattern 937 (578 done, 0 errors)
  ✓ Pattern 938 (579 done, 0 errors)
  ✓ Pattern 939 (580 done, 0 errors)
Processing 10 patterns (starting at ID 940)...
  ✓ Pattern 940 (581 done, 0 errors)
  ✓ Pattern 941 (582 done, 0 errors)
  ✓ Pattern 942 (583 done, 0 errors)
  ✓ Pattern 943 (584 done, 0 errors)
  ✓ Pattern 944 (585 done, 0 errors)
  ✓ Pattern 945 (586 done, 0 errors)
  ✓ Pattern 946 (587 done, 0 errors)
  ✓ Pattern 947 (588 done, 0 errors)
  ✓ Pattern 948 (589 done, 0 errors)
  ✓ Pattern 949 (590 done, 0 errors)
Processing 10 patterns (starting at ID 950)...
  ✓ Pattern 950 (591 done, 0 errors)
  ✓ Pattern 951 (592 done, 0 errors)
  ✓ Pattern 952 (593 done, 0 errors)
  ✓ Pattern 953 (594 done, 0 errors)
  ✓ Pattern 954 (595 done, 0 errors)
  ✓ Pattern 955 (596 done, 0 errors)
  ✓ Pattern 956 (597 done, 0 errors)
  ✓ Pattern 957 (598 done, 0 errors)
  ✓ Pattern 958 (599 done, 0 errors)
  ✓ Pattern 959 (600 done, 0 errors)
Processing 10 patterns (starting at ID 960)...
  ✓ Pattern 960 (601 done, 0 errors)
  ✓ Pattern 961 (602 done, 0 errors)
  ✓ Pattern 962 (603 done, 0 errors)
  ✓ Pattern 963 (604 done, 0 errors)
  ✓ Pattern 964 (605 done, 0 errors)
  ✓ Pattern 965 (606 done, 0 errors)
  ✓ Pattern 966 (607 done, 0 errors)
  ✓ Pattern 967 (608 done, 0 errors)
  ✓ Pattern 968 (609 done, 0 errors)
  ✓ Pattern 969 (610 done, 0 errors)
Processing 10 patterns (starting at ID 970)...
  ✓ Pattern 970 (611 done, 0 errors)
  ✓ Pattern 971 (612 done, 0 errors)
  ✓ Pattern 972 (613 done, 0 errors)
  ✓ Pattern 973 (614 done, 0 errors)
  ✓ Pattern 974 (615 done, 0 errors)
  ✓ Pattern 975 (616 done, 0 errors)
  ✓ Pattern 976 (617 done, 0 errors)
  ✓ Pattern 977 (618 done, 0 errors)
  ✓ Pattern 978 (619 done, 0 errors)
  ✓ Pattern 979 (620 done, 0 errors)
Processing 10 patterns (starting at ID 980)...
  ✓ Pattern 980 (621 done, 0 errors)
  ✓ Pattern 981 (622 done, 0 errors)
  ✓ Pattern 982 (623 done, 0 errors)
  ✓ Pattern 983 (624 done, 0 errors)
  ✓ Pattern 984 (625 done, 0 errors)
  ✓ Pattern 985 (626 done, 0 errors)
  ✓ Pattern 986 (627 done, 0 errors)
  ✓ Pattern 987 (628 done, 0 errors)
  ✓ Pattern 988 (629 done, 0 errors)
  ✓ Pattern 989 (630 done, 0 errors)
Processing 10 patterns (starting at ID 990)...
  ✓ Pattern 990 (631 done, 0 errors)
  ✓ Pattern 991 (632 done, 0 errors)
  ✓ Pattern 992 (633 done, 0 errors)
  ✓ Pattern 993 (634 done, 0 errors)
  ✓ Pattern 994 (635 done, 0 errors)
  ✓ Pattern 995 (636 done, 0 errors)
  ✓ Pattern 996 (637 done, 0 errors)
  ✓ Pattern 997 (638 done, 0 errors)
  ✓ Pattern 998 (639 done, 0 errors)
  ✓ Pattern 999 (640 done, 0 errors)
Processing 10 patterns (starting at ID 1000)...
  ✓ Pattern 1000 (641 done, 0 errors)
  ✓ Pattern 1001 (642 done, 0 errors)
  ✓ Pattern 1002 (643 done, 0 errors)
  ✓ Pattern 1003 (644 done, 0 errors)
  ✓ Pattern 1004 (645 done, 0 errors)
  ✓ Pattern 1005 (646 done, 0 errors)
  ✓ Pattern 1006 (647 done, 0 errors)
  ✓ Pattern 1007 (648 done, 0 errors)
  ✓ Pattern 1008 (649 done, 0 errors)
  ✓ Pattern 1009 (650 done, 0 errors)
Processing 10 patterns (starting at ID 1010)...
  ✓ Pattern 1010 (651 done, 0 errors)
  ✓ Pattern 1011 (652 done, 0 errors)
  ✓ Pattern 1012 (653 done, 0 errors)
  ✓ Pattern 1013 (654 done, 0 errors)
  ✓ Pattern 1014 (655 done, 0 errors)
  ✓ Pattern 1015 (656 done, 0 errors)
  ✓ Pattern 1016 (657 done, 0 errors)
  ✓ Pattern 1017 (658 done, 0 errors)
  ✓ Pattern 1018 (659 done, 0 errors)
  ✓ Pattern 1019 (660 done, 0 errors)
Processing 10 patterns (starting at ID 1020)...
  ✓ Pattern 1020 (661 done, 0 errors)
  ✓ Pattern 1021 (662 done, 0 errors)
  ✓ Pattern 1022 (663 done, 0 errors)
  ✓ Pattern 1023 (664 done, 0 errors)
  ✓ Pattern 1024 (665 done, 0 errors)
  ✓ Pattern 1025 (666 done, 0 errors)
  ✓ Pattern 1026 (667 done, 0 errors)
  ✓ Pattern 1027 (668 done, 0 errors)
  ✓ Pattern 1028 (669 done, 0 errors)
  ✓ Pattern 1029 (670 done, 0 errors)
Processing 10 patterns (starting at ID 1030)...
  ✓ Pattern 1030 (671 done, 0 errors)
  ✓ Pattern 1031 (672 done, 0 errors)
  ✓ Pattern 1032 (673 done, 0 errors)
  ✓ Pattern 1033 (674 done, 0 errors)
  ✓ Pattern 1034 (675 done, 0 errors)
  ✓ Pattern 1035 (676 done, 0 errors)
  ✓ Pattern 1036 (677 done, 0 errors)
  ✓ Pattern 1037 (678 done, 0 errors)
  ✓ Pattern 1038 (679 done, 0 errors)
  ✓ Pattern 1039 (680 done, 0 errors)
Processing 10 patterns (starting at ID 1040)...
  ✓ Pattern 1040 (681 done, 0 errors)
  ✓ Pattern 1041 (682 done, 0 errors)
  ✓ Pattern 1042 (683 done, 0 errors)
  ✓ Pattern 1043 (684 done, 0 errors)
  ✓ Pattern 1044 (685 done, 0 errors)
  ✓ Pattern 1045 (686 done, 0 errors)
  ✓ Pattern 1046 (687 done, 0 errors)
  ✓ Pattern 1047 (688 done, 0 errors)
  ✓ Pattern 1048 (689 done, 0 errors)
  ✓ Pattern 1049 (690 done, 0 errors)
Processing 10 patterns (starting at ID 1050)...
  ✓ Pattern 1050 (691 done, 0 errors)
  ✓ Pattern 1051 (692 done, 0 errors)
  ✓ Pattern 1052 (693 done, 0 errors)
  ✓ Pattern 1053 (694 done, 0 errors)
  ✓ Pattern 1054 (695 done, 0 errors)
  ✓ Pattern 1055 (696 done, 0 errors)
  ✓ Pattern 1056 (697 done, 0 errors)
  ✓ Pattern 1057 (698 done, 0 errors)
  ✓ Pattern 1058 (699 done, 0 errors)
  ✓ Pattern 1059 (700 done, 0 errors)
Processing 10 patterns (starting at ID 1060)...
  ✓ Pattern 1060 (701 done, 0 errors)
  ✓ Pattern 1061 (702 done, 0 errors)
  ✓ Pattern 1062 (703 done, 0 errors)
  ✓ Pattern 1063 (704 done, 0 errors)
  ✓ Pattern 1064 (705 done, 0 errors)
  ✓ Pattern 1065 (706 done, 0 errors)
  ✓ Pattern 1066 (707 done, 0 errors)
  ✓ Pattern 1067 (708 done, 0 errors)
  ✓ Pattern 1068 (709 done, 0 errors)
  ✓ Pattern 1069 (710 done, 0 errors)
Processing 10 patterns (starting at ID 1070)...
  ✓ Pattern 1070 (711 done, 0 errors)
  ✓ Pattern 1071 (712 done, 0 errors)
  ✓ Pattern 1072 (713 done, 0 errors)
  ✓ Pattern 1073 (714 done, 0 errors)
  ✓ Pattern 1074 (715 done, 0 errors)
  ✓ Pattern 1075 (716 done, 0 errors)
  ✓ Pattern 1076 (717 done, 0 errors)
  ✓ Pattern 1077 (718 done, 0 errors)
  ✓ Pattern 1078 (719 done, 0 errors)
  ✓ Pattern 1079 (720 done, 0 errors)
Processing 10 patterns (starting at ID 1080)...
  ✓ Pattern 1080 (721 done, 0 errors)
  ✓ Pattern 1081 (722 done, 0 errors)
  ✓ Pattern 1082 (723 done, 0 errors)
  ✓ Pattern 1083 (724 done, 0 errors)
  ✓ Pattern 1084 (725 done, 0 errors)
  ✓ Pattern 1085 (726 done, 0 errors)
  ✓ Pattern 1086 (727 done, 0 errors)
  ✓ Pattern 1087 (728 done, 0 errors)
  ✓ Pattern 1088 (729 done, 0 errors)
  ✓ Pattern 1089 (730 done, 0 errors)
Processing 10 patterns (starting at ID 1090)...
  ✓ Pattern 1090 (731 done, 0 errors)
  ✓ Pattern 1091 (732 done, 0 errors)
  ✓ Pattern 1092 (733 done, 0 errors)
  ✓ Pattern 1093 (734 done, 0 errors)
  ✓ Pattern 1094 (735 done, 0 errors)
  ✓ Pattern 1095 (736 done, 0 errors)
  ✓ Pattern 1096 (737 done, 0 errors)
  ✓ Pattern 1097 (738 done, 0 errors)
  ✓ Pattern 1098 (739 done, 0 errors)
  ✓ Pattern 1099 (740 done, 0 errors)
Processing 10 patterns (starting at ID 1100)...
  ✓ Pattern 1100 (741 done, 0 errors)
  ✓ Pattern 1101 (742 done, 0 errors)
  ✓ Pattern 1102 (743 done, 0 errors)
  ✓ Pattern 1103 (744 done, 0 errors)
  ✓ Pattern 1104 (745 done, 0 errors)
  ✓ Pattern 1105 (746 done, 0 errors)
  ✓ Pattern 1106 (747 done, 0 errors)
  ✓ Pattern 1107 (748 done, 0 errors)
  ✓ Pattern 1108 (749 done, 0 errors)
  ✓ Pattern 1109 (750 done, 0 errors)
Processing 10 patterns (starting at ID 1110)...
  ✓ Pattern 1110 (751 done, 0 errors)
  ✓ Pattern 1111 (752 done, 0 errors)
  ✓ Pattern 1112 (753 done, 0 errors)
  ✓ Pattern 1113 (754 done, 0 errors)
  ✓ Pattern 1114 (755 done, 0 errors)
  ✓ Pattern 1115 (756 done, 0 errors)
  ✓ Pattern 1116 (757 done, 0 errors)
  ✓ Pattern 1117 (758 done, 0 errors)
  ✓ Pattern 1118 (759 done, 0 errors)
  ✓ Pattern 1119 (760 done, 0 errors)
Processing 10 patterns (starting at ID 1120)...
  ✓ Pattern 1120 (761 done, 0 errors)
  ✓ Pattern 1121 (762 done, 0 errors)
  ✓ Pattern 1122 (763 done, 0 errors)
  ✓ Pattern 1123 (764 done, 0 errors)
  ✓ Pattern 1124 (765 done, 0 errors)
  ✓ Pattern 1125 (766 done, 0 errors)
  ✓ Pattern 1126 (767 done, 0 errors)
  ✓ Pattern 1127 (768 done, 0 errors)
  ✓ Pattern 1128 (769 done, 0 errors)
  ✓ Pattern 1129 (770 done, 0 errors)
Processing 10 patterns (starting at ID 1130)...
  ✓ Pattern 1130 (771 done, 0 errors)
  ✓ Pattern 1131 (772 done, 0 errors)
  ✓ Pattern 1132 (773 done, 0 errors)
  ✓ Pattern 1133 (774 done, 0 errors)
  ✓ Pattern 1134 (775 done, 0 errors)
  ✓ Pattern 1135 (776 done, 0 errors)
  ✓ Pattern 1136 (777 done, 0 errors)
  ✓ Pattern 1137 (778 done, 0 errors)
  ✓ Pattern 1138 (779 done, 0 errors)
  ✓ Pattern 1139 (780 done, 0 errors)
Processing 10 patterns (starting at ID 1140)...
  ✓ Pattern 1140 (781 done, 0 errors)
  ✓ Pattern 1141 (782 done, 0 errors)
  ✓ Pattern 1142 (783 done, 0 errors)
  ✓ Pattern 1143 (784 done, 0 errors)
  ✓ Pattern 1144 (785 done, 0 errors)
  ✓ Pattern 1145 (786 done, 0 errors)
  ✓ Pattern 1146 (787 done, 0 errors)
  ✓ Pattern 1147 (788 done, 0 errors)
  ✓ Pattern 1148 (789 done, 0 errors)
  ✓ Pattern 1149 (790 done, 0 errors)
Processing 10 patterns (starting at ID 1150)...
  ✓ Pattern 1150 (791 done, 0 errors)
  ✓ Pattern 1151 (792 done, 0 errors)
  ✓ Pattern 1152 (793 done, 0 errors)
  ✓ Pattern 1153 (794 done, 0 errors)
  ✓ Pattern 1154 (795 done, 0 errors)
  ✓ Pattern 1155 (796 done, 0 errors)
  ✓ Pattern 1156 (797 done, 0 errors)
  ✓ Pattern 1157 (798 done, 0 errors)
  ✓ Pattern 1158 (799 done, 0 errors)
  ✓ Pattern 1159 (800 done, 0 errors)
Processing 10 patterns (starting at ID 1160)...
  ✓ Pattern 1160 (801 done, 0 errors)
  ✓ Pattern 1161 (802 done, 0 errors)
  ✓ Pattern 1162 (803 done, 0 errors)
  ✓ Pattern 1163 (804 done, 0 errors)
  ✓ Pattern 1164 (805 done, 0 errors)
  ✓ Pattern 1165 (806 done, 0 errors)
  ✓ Pattern 1166 (807 done, 0 errors)
  ✓ Pattern 1167 (808 done, 0 errors)
  ✓ Pattern 1168 (809 done, 0 errors)
  ✓ Pattern 1169 (810 done, 0 errors)
Processing 10 patterns (starting at ID 1170)...
  ✓ Pattern 1170 (811 done, 0 errors)
  ✓ Pattern 1171 (812 done, 0 errors)
  ✓ Pattern 1172 (813 done, 0 errors)
  ✓ Pattern 1173 (814 done, 0 errors)
  ✓ Pattern 1174 (815 done, 0 errors)
  ✓ Pattern 1175 (816 done, 0 errors)
  ✓ Pattern 1176 (817 done, 0 errors)
  ✓ Pattern 1177 (818 done, 0 errors)
  ✓ Pattern 1178 (819 done, 0 errors)
  ✓ Pattern 1179 (820 done, 0 errors)
Processing 10 patterns (starting at ID 1180)...
  ✓ Pattern 1180 (821 done, 0 errors)
  ✓ Pattern 1181 (822 done, 0 errors)
  ✓ Pattern 1182 (823 done, 0 errors)
  ✓ Pattern 1183 (824 done, 0 errors)
  ✓ Pattern 1184 (825 done, 0 errors)
  ✓ Pattern 1185 (826 done, 0 errors)
  ✓ Pattern 1186 (827 done, 0 errors)
  ✓ Pattern 1187 (828 done, 0 errors)
  ✓ Pattern 1188 (829 done, 0 errors)
  ✓ Pattern 1189 (830 done, 0 errors)
Processing 10 patterns (starting at ID 1190)...
  ✓ Pattern 1190 (831 done, 0 errors)
  ✓ Pattern 1191 (832 done, 0 errors)
  ✓ Pattern 1192 (833 done, 0 errors)
  ✓ Pattern 1193 (834 done, 0 errors)
  ✓ Pattern 1194 (835 done, 0 errors)
  ✓ Pattern 1195 (836 done, 0 errors)
  ✓ Pattern 1196 (837 done, 0 errors)
  ✓ Pattern 1197 (838 done, 0 errors)
  ✓ Pattern 1198 (839 done, 0 errors)
  ✓ Pattern 1199 (840 done, 0 errors)
Processing 10 patterns (starting at ID 1200)...
  ✓ Pattern 1200 (841 done, 0 errors)
  ✓ Pattern 1201 (842 done, 0 errors)
  ✓ Pattern 1202 (843 done, 0 errors)
  ✓ Pattern 1203 (844 done, 0 errors)
  ✓ Pattern 1204 (845 done, 0 errors)
  ✓ Pattern 1205 (846 done, 0 errors)
  ✓ Pattern 1206 (847 done, 0 errors)
  ✓ Pattern 1207 (848 done, 0 errors)
  ✓ Pattern 1208 (849 done, 0 errors)
  ✓ Pattern 1209 (850 done, 0 errors)
Processing 10 patterns (starting at ID 1210)...
  ✓ Pattern 1210 (851 done, 0 errors)
  ✓ Pattern 1211 (852 done, 0 errors)
  ✓ Pattern 1212 (853 done, 0 errors)
  ✓ Pattern 1213 (854 done, 0 errors)
  ✓ Pattern 1214 (855 done, 0 errors)
  ✓ Pattern 1215 (856 done, 0 errors)
  ✓ Pattern 1216 (857 done, 0 errors)
  ✓ Pattern 1217 (858 done, 0 errors)
  ✓ Pattern 1218 (859 done, 0 errors)
  ✓ Pattern 1219 (860 done, 0 errors)
Processing 10 patterns (starting at ID 1220)...
  ✓ Pattern 1220 (861 done, 0 errors)
  ✓ Pattern 1221 (862 done, 0 errors)
  ✓ Pattern 1222 (863 done, 0 errors)
  ✓ Pattern 1223 (864 done, 0 errors)
  ✓ Pattern 1224 (865 done, 0 errors)
  ✓ Pattern 1225 (866 done, 0 errors)
  ✓ Pattern 1226 (867 done, 0 errors)
  ✓ Pattern 1227 (868 done, 0 errors)
  ✓ Pattern 1228 (869 done, 0 errors)
  ✓ Pattern 1229 (870 done, 0 errors)
Processing 10 patterns (starting at ID 1230)...
  ✓ Pattern 1230 (871 done, 0 errors)
  ✓ Pattern 1231 (872 done, 0 errors)
  ✓ Pattern 1232 (873 done, 0 errors)
  ✓ Pattern 1233 (874 done, 0 errors)
  ✓ Pattern 1234 (875 done, 0 errors)
  ✓ Pattern 1235 (876 done, 0 errors)
  ✓ Pattern 1236 (877 done, 0 errors)
  ✓ Pattern 1237 (878 done, 0 errors)
  ✓ Pattern 1238 (879 done, 0 errors)
  ✓ Pattern 1239 (880 done, 0 errors)
Processing 10 patterns (starting at ID 1240)...
  ✓ Pattern 1240 (881 done, 0 errors)
  ✓ Pattern 1242 (882 done, 0 errors)
  ✓ Pattern 1243 (883 done, 0 errors)
  ✓ Pattern 1244 (884 done, 0 errors)
  ✓ Pattern 1245 (885 done, 0 errors)
  ✓ Pattern 1246 (886 done, 0 errors)
  ✓ Pattern 1247 (887 done, 0 errors)
  ✓ Pattern 1248 (888 done, 0 errors)
  ✓ Pattern 1249 (889 done, 0 errors)
  ✓ Pattern 1250 (890 done, 0 errors)
Processing 10 patterns (starting at ID 1251)...
  ✓ Pattern 1251 (891 done, 0 errors)
  ✓ Pattern 1252 (892 done, 0 errors)
  ✓ Pattern 1253 (893 done, 0 errors)
  ✓ Pattern 1254 (894 done, 0 errors)
  ✓ Pattern 1255 (895 done, 0 errors)
  ✓ Pattern 1256 (896 done, 0 errors)
  ✓ Pattern 1257 (897 done, 0 errors)
  ✓ Pattern 1258 (898 done, 0 errors)
  ✓ Pattern 1259 (899 done, 0 errors)
  ✓ Pattern 1260 (900 done, 0 errors)
Processing 10 patterns (starting at ID 1261)...
  ✓ Pattern 1261 (901 done, 0 errors)
  ✓ Pattern 1262 (902 done, 0 errors)
  ✓ Pattern 1263 (903 done, 0 errors)
  ✓ Pattern 1264 (904 done, 0 errors)
  ✓ Pattern 1265 (905 done, 0 errors)
  ✓ Pattern 1266 (906 done, 0 errors)
  ✓ Pattern 1267 (907 done, 0 errors)
  ✓ Pattern 1268 (908 done, 0 errors)
  ✓ Pattern 1269 (909 done, 0 errors)
  ✓ Pattern 1270 (910 done, 0 errors)
Processing 10 patterns (starting at ID 1271)...
  ✓ Pattern 1271 (911 done, 0 errors)
  ✓ Pattern 1272 (912 done, 0 errors)
  ✓ Pattern 1273 (913 done, 0 errors)
  ✓ Pattern 1274 (914 done, 0 errors)
  ✓ Pattern 1275 (915 done, 0 errors)
  ✓ Pattern 1276 (916 done, 0 errors)
  ✓ Pattern 1277 (917 done, 0 errors)
  ✓ Pattern 1278 (918 done, 0 errors)
  ✓ Pattern 1279 (919 done, 0 errors)
  ✓ Pattern 1280 (920 done, 0 errors)
Processing 10 patterns (starting at ID 1281)...
  ✓ Pattern 1281 (921 done, 0 errors)
  ✓ Pattern 1282 (922 done, 0 errors)
  ✓ Pattern 1283 (923 done, 0 errors)
  ✓ Pattern 1284 (924 done, 0 errors)
  ✓ Pattern 1285 (925 done, 0 errors)
  ✓ Pattern 1286 (926 done, 0 errors)
  ✓ Pattern 1287 (927 done, 0 errors)
  ✓ Pattern 1288 (928 done, 0 errors)
  ✓ Pattern 1289 (929 done, 0 errors)
  ✓ Pattern 1290 (930 done, 0 errors)
Processing 10 patterns (starting at ID 1291)...
  ✓ Pattern 1291 (931 done, 0 errors)
  ✓ Pattern 1292 (932 done, 0 errors)
  ✓ Pattern 1293 (933 done, 0 errors)
  ✓ Pattern 1294 (934 done, 0 errors)
  ✓ Pattern 1295 (935 done, 0 errors)
  ✓ Pattern 1296 (936 done, 0 errors)
  ✓ Pattern 1297 (937 done, 0 errors)
  ✓ Pattern 1298 (938 done, 0 errors)
  ✓ Pattern 1299 (939 done, 0 errors)
  ✓ Pattern 1300 (940 done, 0 errors)
Processing 10 patterns (starting at ID 1301)...
  ✓ Pattern 1301 (941 done, 0 errors)
  ✓ Pattern 1302 (942 done, 0 errors)
  ✓ Pattern 1303 (943 done, 0 errors)
  ✓ Pattern 1304 (944 done, 0 errors)
  ✓ Pattern 1305 (945 done, 0 errors)
  ✓ Pattern 1306 (946 done, 0 errors)
  ✓ Pattern 1307 (947 done, 0 errors)
  ✓ Pattern 1308 (948 done, 0 errors)
  ✓ Pattern 1309 (949 done, 0 errors)
  ✓ Pattern 1310 (950 done, 0 errors)
Processing 10 patterns (starting at ID 1311)...
  ✓ Pattern 1311 (951 done, 0 errors)
  ✓ Pattern 1312 (952 done, 0 errors)
  ✓ Pattern 1313 (953 done, 0 errors)
  ✓ Pattern 1314 (954 done, 0 errors)
  ✓ Pattern 1315 (955 done, 0 errors)
  ✓ Pattern 1316 (956 done, 0 errors)
  ✓ Pattern 1317 (957 done, 0 errors)
  ✓ Pattern 1318 (958 done, 0 errors)
  ✓ Pattern 1319 (959 done, 0 errors)
  ✓ Pattern 1320 (960 done, 0 errors)
Processing 10 patterns (starting at ID 1321)...
  ✓ Pattern 1321 (961 done, 0 errors)
  ✓ Pattern 1322 (962 done, 0 errors)
  ✓ Pattern 1323 (963 done, 0 errors)
  ✓ Pattern 1324 (964 done, 0 errors)
  ✓ Pattern 1325 (965 done, 0 errors)
  ✓ Pattern 1326 (966 done, 0 errors)
  ✓ Pattern 1327 (967 done, 0 errors)
  ✓ Pattern 1328 (968 done, 0 errors)
  ✓ Pattern 1329 (969 done, 0 errors)
  ✓ Pattern 1330 (970 done, 0 errors)
Processing 10 patterns (starting at ID 1331)...
  ✓ Pattern 1331 (971 done, 0 errors)
  ✓ Pattern 1332 (972 done, 0 errors)
  ✓ Pattern 1333 (973 done, 0 errors)
  ✓ Pattern 1334 (974 done, 0 errors)
  ✓ Pattern 1335 (975 done, 0 errors)
  ✓ Pattern 1336 (976 done, 0 errors)
  ✓ Pattern 1337 (977 done, 0 errors)
  ✓ Pattern 1338 (978 done, 0 errors)
  ✓ Pattern 1339 (979 done, 0 errors)
  ✓ Pattern 1340 (980 done, 0 errors)
Processing 10 patterns (starting at ID 1341)...
  ✓ Pattern 1341 (981 done, 0 errors)
  ✓ Pattern 1342 (982 done, 0 errors)
  ✓ Pattern 1343 (983 done, 0 errors)
  ✓ Pattern 1344 (984 done, 0 errors)
  ✓ Pattern 1345 (985 done, 0 errors)
  ✓ Pattern 1346 (986 done, 0 errors)
  ✓ Pattern 1347 (987 done, 0 errors)
  ✓ Pattern 1348 (988 done, 0 errors)
  ✓ Pattern 1349 (989 done, 0 errors)
  ✓ Pattern 1350 (990 done, 0 errors)
Processing 10 patterns (starting at ID 1351)...
  ✓ Pattern 1351 (991 done, 0 errors)
  ✓ Pattern 1352 (992 done, 0 errors)
  ✓ Pattern 1353 (993 done, 0 errors)
  ✓ Pattern 1354 (994 done, 0 errors)
  ✓ Pattern 1355 (995 done, 0 errors)
  ✓ Pattern 1356 (996 done, 0 errors)
  ✓ Pattern 1357 (997 done, 0 errors)
  ✓ Pattern 1358 (998 done, 0 errors)
  ✓ Pattern 1359 (999 done, 0 errors)
  ✓ Pattern 1360 (1000 done, 0 errors)
Processing 10 patterns (starting at ID 1361)...
  ✓ Pattern 1361 (1001 done, 0 errors)
  ✓ Pattern 1362 (1002 done, 0 errors)
  ✓ Pattern 1363 (1003 done, 0 errors)
  ✓ Pattern 1364 (1004 done, 0 errors)
  ✓ Pattern 1365 (1005 done, 0 errors)
  ✓ Pattern 1366 (1006 done, 0 errors)
  ✓ Pattern 1367 (1007 done, 0 errors)
  ✓ Pattern 1368 (1008 done, 0 errors)
  ✓ Pattern 1369 (1009 done, 0 errors)
  ✓ Pattern 1370 (1010 done, 0 errors)
Processing 10 patterns (starting at ID 1371)...
  ✓ Pattern 1371 (1011 done, 0 errors)
  ✓ Pattern 1372 (1012 done, 0 errors)
  ✓ Pattern 1373 (1013 done, 0 errors)
  ✓ Pattern 1374 (1014 done, 0 errors)
  ✓ Pattern 1375 (1015 done, 0 errors)
  ✓ Pattern 1376 (1016 done, 0 errors)
  ✓ Pattern 1377 (1017 done, 0 errors)
  ✓ Pattern 1378 (1018 done, 0 errors)
  ✓ Pattern 1379 (1019 done, 0 errors)
  ✓ Pattern 1380 (1020 done, 0 errors)
Processing 10 patterns (starting at ID 1381)...
  ✓ Pattern 1381 (1021 done, 0 errors)
  ✓ Pattern 1382 (1022 done, 0 errors)
  ✓ Pattern 1383 (1023 done, 0 errors)
  ✓ Pattern 1384 (1024 done, 0 errors)
  ✓ Pattern 1385 (1025 done, 0 errors)
  ✓ Pattern 1386 (1026 done, 0 errors)
  ✓ Pattern 1387 (1027 done, 0 errors)
  ✓ Pattern 1388 (1028 done, 0 errors)
  ✓ Pattern 1389 (1029 done, 0 errors)
  ✓ Pattern 1390 (1030 done, 0 errors)
Processing 10 patterns (starting at ID 1391)...
  ✓ Pattern 1391 (1031 done, 0 errors)
  ✓ Pattern 1392 (1032 done, 0 errors)
  ✓ Pattern 1393 (1033 done, 0 errors)
  ✓ Pattern 1394 (1034 done, 0 errors)
  ✓ Pattern 1395 (1035 done, 0 errors)
  ✓ Pattern 1396 (1036 done, 0 errors)
  ✓ Pattern 1397 (1037 done, 0 errors)
  ✓ Pattern 1398 (1038 done, 0 errors)
  ✓ Pattern 1399 (1039 done, 0 errors)
  ✓ Pattern 1400 (1040 done, 0 errors)
Processing 10 patterns (starting at ID 1401)...
  ✓ Pattern 1401 (1041 done, 0 errors)
  ✓ Pattern 1402 (1042 done, 0 errors)
  ✓ Pattern 1403 (1043 done, 0 errors)
  ✓ Pattern 1404 (1044 done, 0 errors)
  ✓ Pattern 1405 (1045 done, 0 errors)
  ✓ Pattern 1406 (1046 done, 0 errors)
  ✓ Pattern 1407 (1047 done, 0 errors)
  ✓ Pattern 1408 (1048 done, 0 errors)
  ✓ Pattern 1409 (1049 done, 0 errors)
  ✓ Pattern 1410 (1050 done, 0 errors)
Processing 10 patterns (starting at ID 1411)...
  ✓ Pattern 1411 (1051 done, 0 errors)
  ✓ Pattern 1412 (1052 done, 0 errors)
  ✓ Pattern 1413 (1053 done, 0 errors)
  ✓ Pattern 1414 (1054 done, 0 errors)
  ✓ Pattern 1415 (1055 done, 0 errors)
  ✓ Pattern 1416 (1056 done, 0 errors)
  ✓ Pattern 1417 (1057 done, 0 errors)
  ✓ Pattern 1418 (1058 done, 0 errors)
  ✓ Pattern 1419 (1059 done, 0 errors)
  ✓ Pattern 1420 (1060 done, 0 errors)
Processing 10 patterns (starting at ID 1421)...
  ✓ Pattern 1421 (1061 done, 0 errors)
  ✓ Pattern 1422 (1062 done, 0 errors)
  ✓ Pattern 1423 (1063 done, 0 errors)
  ✓ Pattern 1424 (1064 done, 0 errors)
  ✓ Pattern 1425 (1065 done, 0 errors)
  ✓ Pattern 1426 (1066 done, 0 errors)
  ✓ Pattern 1427 (1067 done, 0 errors)
  ✓ Pattern 1428 (1068 done, 0 errors)
  ✓ Pattern 1429 (1069 done, 0 errors)
  ✓ Pattern 1430 (1070 done, 0 errors)
Processing 10 patterns (starting at ID 1431)...
  ✓ Pattern 1431 (1071 done, 0 errors)
  ✓ Pattern 1432 (1072 done, 0 errors)
  ✓ Pattern 1433 (1073 done, 0 errors)
  ✓ Pattern 1434 (1074 done, 0 errors)
  ✓ Pattern 1435 (1075 done, 0 errors)
  ✓ Pattern 1436 (1076 done, 0 errors)
  ✓ Pattern 1437 (1077 done, 0 errors)
  ✓ Pattern 1438 (1078 done, 0 errors)
  ✓ Pattern 1439 (1079 done, 0 errors)
  ✓ Pattern 1440 (1080 done, 0 errors)
Processing 10 patterns (starting at ID 1441)...
  ✓ Pattern 1441 (1081 done, 0 errors)
  ✓ Pattern 1442 (1082 done, 0 errors)
  ✓ Pattern 1443 (1083 done, 0 errors)
  ✓ Pattern 1444 (1084 done, 0 errors)
  ✓ Pattern 1445 (1085 done, 0 errors)
  ✓ Pattern 1446 (1086 done, 0 errors)
  ✓ Pattern 1447 (1087 done, 0 errors)
  ✓ Pattern 1448 (1088 done, 0 errors)
  ✓ Pattern 1449 (1089 done, 0 errors)
  ✓ Pattern 1450 (1090 done, 0 errors)
Processing 10 patterns (starting at ID 1451)...
  ✓ Pattern 1451 (1091 done, 0 errors)
  ✓ Pattern 1452 (1092 done, 0 errors)
  ✓ Pattern 1453 (1093 done, 0 errors)
  ✓ Pattern 1454 (1094 done, 0 errors)
  ✓ Pattern 1455 (1095 done, 0 errors)
  ✓ Pattern 1456 (1096 done, 0 errors)
  ✓ Pattern 1458 (1097 done, 0 errors)
  ✓ Pattern 1459 (1098 done, 0 errors)
  ✓ Pattern 1460 (1099 done, 0 errors)
  ✓ Pattern 1461 (1100 done, 0 errors)
Processing 10 patterns (starting at ID 1462)...
  ✓ Pattern 1462 (1101 done, 0 errors)
  ✓ Pattern 1463 (1102 done, 0 errors)
  ✓ Pattern 1464 (1103 done, 0 errors)
  ✓ Pattern 1465 (1104 done, 0 errors)
  ✓ Pattern 1466 (1105 done, 0 errors)
  ✓ Pattern 1467 (1106 done, 0 errors)
  ✓ Pattern 1468 (1107 done, 0 errors)
  ✓ Pattern 1469 (1108 done, 0 errors)
  ✓ Pattern 1470 (1109 done, 0 errors)
  ✓ Pattern 1471 (1110 done, 0 errors)
Processing 10 patterns (starting at ID 1472)...
  ✓ Pattern 1472 (1111 done, 0 errors)
  ✓ Pattern 1473 (1112 done, 0 errors)
  ✓ Pattern 1474 (1113 done, 0 errors)
  ✓ Pattern 1475 (1114 done, 0 errors)
  ✓ Pattern 1476 (1115 done, 0 errors)
  ✓ Pattern 1477 (1116 done, 0 errors)
  ✓ Pattern 1478 (1117 done, 0 errors)
  ✓ Pattern 1479 (1118 done, 0 errors)
  ✓ Pattern 1480 (1119 done, 0 errors)
  ✓ Pattern 1481 (1120 done, 0 errors)
Processing 10 patterns (starting at ID 1482)...
  ✓ Pattern 1482 (1121 done, 0 errors)
  ✓ Pattern 1483 (1122 done, 0 errors)
  ✓ Pattern 1484 (1123 done, 0 errors)
  ✓ Pattern 1485 (1124 done, 0 errors)
  ✓ Pattern 1486 (1125 done, 0 errors)
  ✓ Pattern 1487 (1126 done, 0 errors)
  ✓ Pattern 1488 (1127 done, 0 errors)
  ✓ Pattern 1489 (1128 done, 0 errors)
  ✓ Pattern 1490 (1129 done, 0 errors)
  ✓ Pattern 1491 (1130 done, 0 errors)
Processing 10 patterns (starting at ID 1492)...
  ✓ Pattern 1492 (1131 done, 0 errors)
  ✓ Pattern 1493 (1132 done, 0 errors)
  ✓ Pattern 1494 (1133 done, 0 errors)
  ✓ Pattern 1495 (1134 done, 0 errors)
  ✓ Pattern 1496 (1135 done, 0 errors)
  ✓ Pattern 1497 (1136 done, 0 errors)
  ✓ Pattern 1498 (1137 done, 0 errors)
  ✓ Pattern 1499 (1138 done, 0 errors)
  ✓ Pattern 1500 (1139 done, 0 errors)
  ✓ Pattern 1501 (1140 done, 0 errors)
Processing 10 patterns (starting at ID 1502)...
  ✓ Pattern 1502 (1141 done, 0 errors)
  ✓ Pattern 1503 (1142 done, 0 errors)
  ✓ Pattern 1504 (1143 done, 0 errors)
  ✓ Pattern 1505 (1144 done, 0 errors)
  ✓ Pattern 1507 (1145 done, 0 errors)
  ✓ Pattern 1508 (1146 done, 0 errors)
  ✓ Pattern 1509 (1147 done, 0 errors)
  ✓ Pattern 1510 (1148 done, 0 errors)
  ✓ Pattern 1511 (1149 done, 0 errors)
  ✓ Pattern 1512 (1150 done, 0 errors)
Processing 10 patterns (starting at ID 1513)...
  ✓ Pattern 1513 (1151 done, 0 errors)
  ✓ Pattern 1514 (1152 done, 0 errors)
  ✓ Pattern 1515 (1153 done, 0 errors)
  ✓ Pattern 1516 (1154 done, 0 errors)
  ✓ Pattern 1517 (1155 done, 0 errors)
  ✓ Pattern 1518 (1156 done, 0 errors)
  ✓ Pattern 1519 (1157 done, 0 errors)
  ✓ Pattern 1520 (1158 done, 0 errors)
  ✓ Pattern 1521 (1159 done, 0 errors)
  ✓ Pattern 1522 (1160 done, 0 errors)
Processing 10 patterns (starting at ID 1523)...
  ✓ Pattern 1523 (1161 done, 0 errors)
  ✓ Pattern 1525 (1162 done, 0 errors)
  ✓ Pattern 1526 (1163 done, 0 errors)
  ✓ Pattern 1528 (1164 done, 0 errors)
  ✓ Pattern 1529 (1165 done, 0 errors)
  ✓ Pattern 1530 (1166 done, 0 errors)
  ✓ Pattern 1531 (1167 done, 0 errors)
  ✓ Pattern 1532 (1168 done, 0 errors)
  ✓ Pattern 1533 (1169 done, 0 errors)
  ✓ Pattern 1534 (1170 done, 0 errors)
Processing 10 patterns (starting at ID 1535)...
  ✓ Pattern 1535 (1171 done, 0 errors)
  ✓ Pattern 1536 (1172 done, 0 errors)
  ✓ Pattern 1537 (1173 done, 0 errors)
  ✓ Pattern 1538 (1174 done, 0 errors)
  ✓ Pattern 1539 (1175 done, 0 errors)
  ✓ Pattern 1540 (1176 done, 0 errors)
  ✓ Pattern 1541 (1177 done, 0 errors)
  ✓ Pattern 1542 (1178 done, 0 errors)
  ✓ Pattern 1543 (1179 done, 0 errors)
  ✓ Pattern 1544 (1180 done, 0 errors)
Processing 10 patterns (starting at ID 1545)...
  ✓ Pattern 1545 (1181 done, 0 errors)
  ✓ Pattern 1546 (1182 done, 0 errors)
  ✓ Pattern 1547 (1183 done, 0 errors)
  ✓ Pattern 1548 (1184 done, 0 errors)
  ✓ Pattern 1549 (1185 done, 0 errors)
  ✓ Pattern 1550 (1186 done, 0 errors)
  ✓ Pattern 1551 (1187 done, 0 errors)
  ✓ Pattern 1552 (1188 done, 0 errors)
  ✓ Pattern 1553 (1189 done, 0 errors)
  ✓ Pattern 1554 (1190 done, 0 errors)
Processing 10 patterns (starting at ID 1555)...
  ✓ Pattern 1555 (1191 done, 0 errors)
  ✓ Pattern 1556 (1192 done, 0 errors)
  ✓ Pattern 1558 (1193 done, 0 errors)
  ✓ Pattern 1559 (1194 done, 0 errors)
  ✓ Pattern 1560 (1195 done, 0 errors)
  ✓ Pattern 1561 (1196 done, 0 errors)
  ✓ Pattern 1562 (1197 done, 0 errors)
  ✓ Pattern 1563 (1198 done, 0 errors)
  ✓ Pattern 1564 (1199 done, 0 errors)
  ✓ Pattern 1565 (1200 done, 0 errors)
Processing 10 patterns (starting at ID 1566)...
  ✓ Pattern 1566 (1201 done, 0 errors)
  ✓ Pattern 1567 (1202 done, 0 errors)
  ✓ Pattern 1568 (1203 done, 0 errors)
  ✓ Pattern 1569 (1204 done, 0 errors)
  ✓ Pattern 1570 (1205 done, 0 errors)
  ✓ Pattern 1571 (1206 done, 0 errors)
  ✓ Pattern 1572 (1207 done, 0 errors)
  ✓ Pattern 1573 (1208 done, 0 errors)
  ✓ Pattern 1574 (1209 done, 0 errors)
  ✓ Pattern 1575 (1210 done, 0 errors)
Processing 10 patterns (starting at ID 1576)...
  ✓ Pattern 1576 (1211 done, 0 errors)
  ✓ Pattern 1577 (1212 done, 0 errors)
  ✓ Pattern 1578 (1213 done, 0 errors)
  ✓ Pattern 1579 (1214 done, 0 errors)
  ✓ Pattern 1580 (1215 done, 0 errors)
  ✓ Pattern 1581 (1216 done, 0 errors)
  ✓ Pattern 1582 (1217 done, 0 errors)
  ✓ Pattern 1583 (1218 done, 0 errors)
  ✓ Pattern 1584 (1219 done, 0 errors)
  ✓ Pattern 1585 (1220 done, 0 errors)
Processing 10 patterns (starting at ID 1586)...
  ✓ Pattern 1586 (1221 done, 0 errors)
  ✓ Pattern 1587 (1222 done, 0 errors)
  ✓ Pattern 1588 (1223 done, 0 errors)
  ✓ Pattern 1589 (1224 done, 0 errors)
  ✓ Pattern 1590 (1225 done, 0 errors)
  ✓ Pattern 1591 (1226 done, 0 errors)
  ✓ Pattern 1592 (1227 done, 0 errors)
  ✓ Pattern 1593 (1228 done, 0 errors)
  ✓ Pattern 1594 (1229 done, 0 errors)
  ✓ Pattern 1595 (1230 done, 0 errors)
Processing 10 patterns (starting at ID 1596)...
  ✓ Pattern 1596 (1231 done, 0 errors)
  ✓ Pattern 1597 (1232 done, 0 errors)
  ✓ Pattern 1598 (1233 done, 0 errors)
  ✓ Pattern 1599 (1234 done, 0 errors)
  ✓ Pattern 1600 (1235 done, 0 errors)
  ✓ Pattern 1601 (1236 done, 0 errors)
  ✓ Pattern 1602 (1237 done, 0 errors)
  ✓ Pattern 1603 (1238 done, 0 errors)
  ✓ Pattern 1604 (1239 done, 0 errors)
  ✓ Pattern 1605 (1240 done, 0 errors)
Processing 10 patterns (starting at ID 1606)...
  ✓ Pattern 1606 (1241 done, 0 errors)
  ✓ Pattern 1607 (1242 done, 0 errors)
  ✓ Pattern 1608 (1243 done, 0 errors)
  ✓ Pattern 1609 (1244 done, 0 errors)
  ✓ Pattern 1610 (1245 done, 0 errors)
  ✓ Pattern 1611 (1246 done, 0 errors)
  ✓ Pattern 1612 (1247 done, 0 errors)
  ✓ Pattern 1613 (1248 done, 0 errors)
  ✓ Pattern 1614 (1249 done, 0 errors)
  ✓ Pattern 1615 (1250 done, 0 errors)
Processing 10 patterns (starting at ID 1616)...
  ✓ Pattern 1616 (1251 done, 0 errors)
  ✓ Pattern 1617 (1252 done, 0 errors)
  ✓ Pattern 1618 (1253 done, 0 errors)
  ✓ Pattern 1619 (1254 done, 0 errors)
  ✓ Pattern 1620 (1255 done, 0 errors)
  ✓ Pattern 1621 (1256 done, 0 errors)
  ✓ Pattern 1622 (1257 done, 0 errors)
  ✓ Pattern 1623 (1258 done, 0 errors)
  ✓ Pattern 1624 (1259 done, 0 errors)
  ✓ Pattern 1625 (1260 done, 0 errors)
Processing 10 patterns (starting at ID 1626)...
  ✓ Pattern 1626 (1261 done, 0 errors)
  ✓ Pattern 1627 (1262 done, 0 errors)
  ✓ Pattern 1628 (1263 done, 0 errors)
  ✓ Pattern 1629 (1264 done, 0 errors)
  ✓ Pattern 1630 (1265 done, 0 errors)
  ✓ Pattern 1631 (1266 done, 0 errors)
  ✓ Pattern 1632 (1267 done, 0 errors)
  ✓ Pattern 1633 (1268 done, 0 errors)
  ✓ Pattern 1634 (1269 done, 0 errors)
  ✓ Pattern 1635 (1270 done, 0 errors)
Processing 10 patterns (starting at ID 1636)...
  ✓ Pattern 1636 (1271 done, 0 errors)
  ✓ Pattern 1637 (1272 done, 0 errors)
  ✓ Pattern 1638 (1273 done, 0 errors)
  ✓ Pattern 1639 (1274 done, 0 errors)
  ✓ Pattern 1640 (1275 done, 0 errors)
  ✓ Pattern 1641 (1276 done, 0 errors)
  ✓ Pattern 1642 (1277 done, 0 errors)
  ✓ Pattern 1643 (1278 done, 0 errors)
  ✓ Pattern 1644 (1279 done, 0 errors)
  ✓ Pattern 1645 (1280 done, 0 errors)
Processing 10 patterns (starting at ID 1646)...
  ✓ Pattern 1646 (1281 done, 0 errors)
  ✓ Pattern 1647 (1282 done, 0 errors)
  ✓ Pattern 1648 (1283 done, 0 errors)
  ✓ Pattern 1649 (1284 done, 0 errors)
  ✓ Pattern 1650 (1285 done, 0 errors)
  ✓ Pattern 1651 (1286 done, 0 errors)
  ✓ Pattern 1652 (1287 done, 0 errors)
  ✓ Pattern 1653 (1288 done, 0 errors)
  ✓ Pattern 1654 (1289 done, 0 errors)
  ✓ Pattern 1655 (1290 done, 0 errors)
Processing 10 patterns (starting at ID 1656)...
  ✓ Pattern 1656 (1291 done, 0 errors)
  ✓ Pattern 1657 (1292 done, 0 errors)
  ✓ Pattern 1658 (1293 done, 0 errors)
  ✓ Pattern 1659 (1294 done, 0 errors)
  ✓ Pattern 1660 (1295 done, 0 errors)
  ✓ Pattern 1661 (1296 done, 0 errors)
  ✓ Pattern 1662 (1297 done, 0 errors)
  ✓ Pattern 1664 (1298 done, 0 errors)
  ✓ Pattern 1665 (1299 done, 0 errors)
  ✓ Pattern 1666 (1300 done, 0 errors)
Processing 10 patterns (starting at ID 1667)...
  ✓ Pattern 1667 (1301 done, 0 errors)
  ✓ Pattern 1668 (1302 done, 0 errors)
  ✓ Pattern 1669 (1303 done, 0 errors)
  ✓ Pattern 1670 (1304 done, 0 errors)
  ✓ Pattern 1671 (1305 done, 0 errors)
  ✓ Pattern 1672 (1306 done, 0 errors)
  ✓ Pattern 1673 (1307 done, 0 errors)
  ✓ Pattern 1674 (1308 done, 0 errors)
  ✓ Pattern 1675 (1309 done, 0 errors)
  ✓ Pattern 1676 (1310 done, 0 errors)
Processing 10 patterns (starting at ID 1677)...
  ✓ Pattern 1677 (1311 done, 0 errors)
  ✓ Pattern 1678 (1312 done, 0 errors)
  ✓ Pattern 1679 (1313 done, 0 errors)
  ✓ Pattern 1680 (1314 done, 0 errors)
  ✓ Pattern 1681 (1315 done, 0 errors)
  ✓ Pattern 1682 (1316 done, 0 errors)
  ✓ Pattern 1683 (1317 done, 0 errors)
  ✓ Pattern 1684 (1318 done, 0 errors)
  ✓ Pattern 1685 (1319 done, 0 errors)
  ✓ Pattern 1686 (1320 done, 0 errors)
Processing 10 patterns (starting at ID 1687)...
  ✓ Pattern 1687 (1321 done, 0 errors)
  ✓ Pattern 1688 (1322 done, 0 errors)
  ✓ Pattern 1689 (1323 done, 0 errors)
  ✓ Pattern 1690 (1324 done, 0 errors)
  ✓ Pattern 1691 (1325 done, 0 errors)
  ✓ Pattern 1692 (1326 done, 0 errors)
  ✓ Pattern 1693 (1327 done, 0 errors)
  ✓ Pattern 1694 (1328 done, 0 errors)
  ✓ Pattern 1695 (1329 done, 0 errors)
  ✓ Pattern 1696 (1330 done, 0 errors)
Processing 10 patterns (starting at ID 1697)...
  ✓ Pattern 1697 (1331 done, 0 errors)
  ✓ Pattern 1698 (1332 done, 0 errors)
  ✓ Pattern 1699 (1333 done, 0 errors)
  ✓ Pattern 1700 (1334 done, 0 errors)
  ✓ Pattern 1701 (1335 done, 0 errors)
  ✓ Pattern 1702 (1336 done, 0 errors)
  ✓ Pattern 1703 (1337 done, 0 errors)
  ✓ Pattern 1704 (1338 done, 0 errors)
  ✓ Pattern 1705 (1339 done, 0 errors)
  ✓ Pattern 1706 (1340 done, 0 errors)
Processing 10 patterns (starting at ID 1707)...
  ✓ Pattern 1707 (1341 done, 0 errors)
  ✓ Pattern 1708 (1342 done, 0 errors)
  ✓ Pattern 1709 (1343 done, 0 errors)
  ✓ Pattern 1710 (1344 done, 0 errors)
  ✓ Pattern 1711 (1345 done, 0 errors)
  ✓ Pattern 1712 (1346 done, 0 errors)
  ✓ Pattern 1713 (1347 done, 0 errors)
  ✓ Pattern 1714 (1348 done, 0 errors)
  ✓ Pattern 1715 (1349 done, 0 errors)
  ✓ Pattern 1716 (1350 done, 0 errors)
Processing 10 patterns (starting at ID 1717)...
  ✓ Pattern 1717 (1351 done, 0 errors)
  ✓ Pattern 1718 (1352 done, 0 errors)
  ✓ Pattern 1719 (1353 done, 0 errors)
  ✓ Pattern 1720 (1354 done, 0 errors)
  ✓ Pattern 1721 (1355 done, 0 errors)
  ✓ Pattern 1722 (1356 done, 0 errors)
  ✓ Pattern 1723 (1357 done, 0 errors)
  ✓ Pattern 1724 (1358 done, 0 errors)
  ✓ Pattern 1725 (1359 done, 0 errors)
  ✓ Pattern 1726 (1360 done, 0 errors)
Processing 10 patterns (starting at ID 1727)...
  ✓ Pattern 1727 (1361 done, 0 errors)
  ✓ Pattern 1728 (1362 done, 0 errors)
  ✓ Pattern 1729 (1363 done, 0 errors)
  ✓ Pattern 1730 (1364 done, 0 errors)
  ✓ Pattern 1731 (1365 done, 0 errors)
  ✓ Pattern 1732 (1366 done, 0 errors)
  ✓ Pattern 1733 (1367 done, 0 errors)
  ✓ Pattern 1734 (1368 done, 0 errors)
  ✓ Pattern 1735 (1369 done, 0 errors)
  ✓ Pattern 1736 (1370 done, 0 errors)
Processing 10 patterns (starting at ID 1737)...
  ✓ Pattern 1737 (1371 done, 0 errors)
  ✓ Pattern 1738 (1372 done, 0 errors)
  ✓ Pattern 1739 (1373 done, 0 errors)
  ✓ Pattern 1740 (1374 done, 0 errors)
  ✓ Pattern 1741 (1375 done, 0 errors)
  ✓ Pattern 1742 (1376 done, 0 errors)
  ✓ Pattern 1743 (1377 done, 0 errors)
  ✓ Pattern 1744 (1378 done, 0 errors)
  ✓ Pattern 1745 (1379 done, 0 errors)
  ✓ Pattern 1746 (1380 done, 0 errors)
Processing 10 patterns (starting at ID 1747)...
  ✓ Pattern 1747 (1381 done, 0 errors)
  ✓ Pattern 1748 (1382 done, 0 errors)
  ✓ Pattern 1749 (1383 done, 0 errors)
  ✓ Pattern 1750 (1384 done, 0 errors)
  ✓ Pattern 1751 (1385 done, 0 errors)
  ✓ Pattern 1752 (1386 done, 0 errors)
  ✓ Pattern 1753 (1387 done, 0 errors)
  ✓ Pattern 1754 (1388 done, 0 errors)
  ✓ Pattern 1755 (1389 done, 0 errors)
  ✓ Pattern 1756 (1390 done, 0 errors)
Processing 10 patterns (starting at ID 1757)...
  ✓ Pattern 1757 (1391 done, 0 errors)
  ✓ Pattern 1758 (1392 done, 0 errors)
  ✓ Pattern 1759 (1393 done, 0 errors)
  ✓ Pattern 1760 (1394 done, 0 errors)
  ✓ Pattern 1761 (1395 done, 0 errors)
  ✓ Pattern 1762 (1396 done, 0 errors)
  ✓ Pattern 1763 (1397 done, 0 errors)
  ✓ Pattern 1764 (1398 done, 0 errors)
  ✓ Pattern 1765 (1399 done, 0 errors)
  ✓ Pattern 1766 (1400 done, 0 errors)
Processing 10 patterns (starting at ID 1767)...
  ✓ Pattern 1767 (1401 done, 0 errors)
  ✓ Pattern 1768 (1402 done, 0 errors)
  ✓ Pattern 1769 (1403 done, 0 errors)
  ✓ Pattern 1770 (1404 done, 0 errors)
  ✓ Pattern 1771 (1405 done, 0 errors)
  ✓ Pattern 1772 (1406 done, 0 errors)
  ✓ Pattern 1773 (1407 done, 0 errors)
  ✓ Pattern 1774 (1408 done, 0 errors)
  ✓ Pattern 1775 (1409 done, 0 errors)
  ✓ Pattern 1776 (1410 done, 0 errors)
Processing 10 patterns (starting at ID 1777)...
  ✓ Pattern 1777 (1411 done, 0 errors)
  ✓ Pattern 1778 (1412 done, 0 errors)
  ✓ Pattern 1779 (1413 done, 0 errors)
  ✓ Pattern 1780 (1414 done, 0 errors)
  ✓ Pattern 1781 (1415 done, 0 errors)
  ✓ Pattern 1782 (1416 done, 0 errors)
  ✓ Pattern 1783 (1417 done, 0 errors)
  ✓ Pattern 1784 (1418 done, 0 errors)
  ✓ Pattern 1785 (1419 done, 0 errors)
  ✓ Pattern 1786 (1420 done, 0 errors)
Processing 10 patterns (starting at ID 1787)...
  ✓ Pattern 1787 (1421 done, 0 errors)
  ✓ Pattern 1788 (1422 done, 0 errors)
  ✓ Pattern 1789 (1423 done, 0 errors)
  ✓ Pattern 1790 (1424 done, 0 errors)
  ✓ Pattern 1791 (1425 done, 0 errors)
  ✓ Pattern 1792 (1426 done, 0 errors)
  ✓ Pattern 1793 (1427 done, 0 errors)
  ✓ Pattern 1794 (1428 done, 0 errors)
  ✓ Pattern 1795 (1429 done, 0 errors)
  ✓ Pattern 1796 (1430 done, 0 errors)
Processing 10 patterns (starting at ID 1797)...
  ✓ Pattern 1797 (1431 done, 0 errors)
  ✓ Pattern 1798 (1432 done, 0 errors)
  ✓ Pattern 1799 (1433 done, 0 errors)
  ✓ Pattern 1800 (1434 done, 0 errors)
  ✓ Pattern 1801 (1435 done, 0 errors)
  ✓ Pattern 1802 (1436 done, 0 errors)
  ✓ Pattern 1803 (1437 done, 0 errors)
  ✓ Pattern 1804 (1438 done, 0 errors)
  ✓ Pattern 1805 (1439 done, 0 errors)
  ✓ Pattern 1806 (1440 done, 0 errors)
Processing 10 patterns (starting at ID 1807)...
  ✓ Pattern 1807 (1441 done, 0 errors)
  ✓ Pattern 1808 (1442 done, 0 errors)
  ✓ Pattern 1809 (1443 done, 0 errors)
  ✓ Pattern 1810 (1444 done, 0 errors)
  ✓ Pattern 1811 (1445 done, 0 errors)
  ✓ Pattern 1812 (1446 done, 0 errors)
  ✓ Pattern 1813 (1447 done, 0 errors)
  ✓ Pattern 1814 (1448 done, 0 errors)
  ✓ Pattern 1815 (1449 done, 0 errors)
  ✓ Pattern 1816 (1450 done, 0 errors)
Processing 10 patterns (starting at ID 1817)...
  ✓ Pattern 1817 (1451 done, 0 errors)
  ✓ Pattern 1818 (1452 done, 0 errors)
  ✓ Pattern 1819 (1453 done, 0 errors)
  ✓ Pattern 1820 (1454 done, 0 errors)
  ✓ Pattern 1821 (1455 done, 0 errors)
  ✓ Pattern 1822 (1456 done, 0 errors)
  ✓ Pattern 1823 (1457 done, 0 errors)
  ✓ Pattern 1824 (1458 done, 0 errors)
  ✓ Pattern 1825 (1459 done, 0 errors)
  ✓ Pattern 1826 (1460 done, 0 errors)
Processing 10 patterns (starting at ID 1827)...
  ✓ Pattern 1827 (1461 done, 0 errors)
  ✓ Pattern 1828 (1462 done, 0 errors)
  ✓ Pattern 1829 (1463 done, 0 errors)
  ✓ Pattern 1830 (1464 done, 0 errors)
  ✓ Pattern 1831 (1465 done, 0 errors)
  ✓ Pattern 1832 (1466 done, 0 errors)
  ✓ Pattern 1833 (1467 done, 0 errors)
  ✓ Pattern 1834 (1468 done, 0 errors)
  ✓ Pattern 1835 (1469 done, 0 errors)
  ✓ Pattern 1836 (1470 done, 0 errors)
Processing 10 patterns (starting at ID 1837)...
  ✓ Pattern 1837 (1471 done, 0 errors)
  ✓ Pattern 1838 (1472 done, 0 errors)
  ✓ Pattern 1839 (1473 done, 0 errors)
  ✓ Pattern 1840 (1474 done, 0 errors)
  ✓ Pattern 1841 (1475 done, 0 errors)
  ✓ Pattern 1842 (1476 done, 0 errors)
  ✓ Pattern 1843 (1477 done, 0 errors)
  ✓ Pattern 1844 (1478 done, 0 errors)
  ✓ Pattern 1846 (1479 done, 0 errors)
  ✓ Pattern 1848 (1480 done, 0 errors)
Processing 10 patterns (starting at ID 1849)...
  ✓ Pattern 1849 (1481 done, 0 errors)
  ✓ Pattern 1850 (1482 done, 0 errors)
  ✓ Pattern 1851 (1483 done, 0 errors)
  ✓ Pattern 1852 (1484 done, 0 errors)
  ✓ Pattern 1853 (1485 done, 0 errors)
  ✓ Pattern 1854 (1486 done, 0 errors)
  ✓ Pattern 1855 (1487 done, 0 errors)
  ✓ Pattern 1856 (1488 done, 0 errors)
  ✓ Pattern 1857 (1489 done, 0 errors)
  ✓ Pattern 1858 (1490 done, 0 errors)
Processing 10 patterns (starting at ID 1859)...
  ✓ Pattern 1859 (1491 done, 0 errors)
  ✓ Pattern 1860 (1492 done, 0 errors)
  ✓ Pattern 1861 (1493 done, 0 errors)
  ✓ Pattern 1862 (1494 done, 0 errors)
  ✓ Pattern 1863 (1495 done, 0 errors)
  ✓ Pattern 1864 (1496 done, 0 errors)
  ✓ Pattern 1865 (1497 done, 0 errors)
  ✓ Pattern 1866 (1498 done, 0 errors)
  ✓ Pattern 1867 (1499 done, 0 errors)
  ✓ Pattern 1868 (1500 done, 0 errors)
Processing 10 patterns (starting at ID 1869)...
  ✓ Pattern 1869 (1501 done, 0 errors)
  ✓ Pattern 1870 (1502 done, 0 errors)
  ✓ Pattern 1871 (1503 done, 0 errors)
  ✓ Pattern 1872 (1504 done, 0 errors)
  ✓ Pattern 1873 (1505 done, 0 errors)
  ✓ Pattern 1874 (1506 done, 0 errors)
  ✓ Pattern 1875 (1507 done, 0 errors)
  ✓ Pattern 1876 (1508 done, 0 errors)
  ✓ Pattern 1877 (1509 done, 0 errors)
  ✓ Pattern 1878 (1510 done, 0 errors)
Processing 10 patterns (starting at ID 1879)...
  ✓ Pattern 1879 (1511 done, 0 errors)
  ✓ Pattern 1880 (1512 done, 0 errors)
  ✓ Pattern 1881 (1513 done, 0 errors)
  ✓ Pattern 1882 (1514 done, 0 errors)
  ✓ Pattern 1883 (1515 done, 0 errors)
  ✓ Pattern 1884 (1516 done, 0 errors)
  ✓ Pattern 1885 (1517 done, 0 errors)
  ✓ Pattern 1886 (1518 done, 0 errors)
  ✓ Pattern 1887 (1519 done, 0 errors)
  ✓ Pattern 1888 (1520 done, 0 errors)
Processing 10 patterns (starting at ID 1889)...
  ✓ Pattern 1889 (1521 done, 0 errors)
  ✓ Pattern 1890 (1522 done, 0 errors)
  ✓ Pattern 1891 (1523 done, 0 errors)
  ✓ Pattern 1892 (1524 done, 0 errors)
  ✓ Pattern 1893 (1525 done, 0 errors)
  ✓ Pattern 1894 (1526 done, 0 errors)
  ✓ Pattern 1895 (1527 done, 0 errors)
  ✓ Pattern 1896 (1528 done, 0 errors)
  ✓ Pattern 1898 (1529 done, 0 errors)
  ✓ Pattern 1899 (1530 done, 0 errors)
Processing 10 patterns (starting at ID 1900)...
  ✓ Pattern 1900 (1531 done, 0 errors)
  ✓ Pattern 1901 (1532 done, 0 errors)
  ✓ Pattern 1902 (1533 done, 0 errors)
  ✓ Pattern 1903 (1534 done, 0 errors)
  ✓ Pattern 1904 (1535 done, 0 errors)
  ✓ Pattern 1905 (1536 done, 0 errors)
  ✓ Pattern 1906 (1537 done, 0 errors)
  ✓ Pattern 1907 (1538 done, 0 errors)
  ✓ Pattern 1908 (1539 done, 0 errors)
  ✓ Pattern 1909 (1540 done, 0 errors)
Processing 10 patterns (starting at ID 1910)...
  ✓ Pattern 1910 (1541 done, 0 errors)
  ✓ Pattern 1911 (1542 done, 0 errors)
  ✓ Pattern 1912 (1543 done, 0 errors)
  ✓ Pattern 1913 (1544 done, 0 errors)
  ✓ Pattern 1914 (1545 done, 0 errors)
  ✓ Pattern 1915 (1546 done, 0 errors)
  ✓ Pattern 1916 (1547 done, 0 errors)
  ✓ Pattern 1917 (1548 done, 0 errors)
  ✓ Pattern 1918 (1549 done, 0 errors)
  ✓ Pattern 1919 (1550 done, 0 errors)
Processing 10 patterns (starting at ID 1920)...
  ✓ Pattern 1920 (1551 done, 0 errors)
  ✓ Pattern 1921 (1552 done, 0 errors)
  ✓ Pattern 1922 (1553 done, 0 errors)
  ✓ Pattern 1923 (1554 done, 0 errors)
  ✓ Pattern 1924 (1555 done, 0 errors)
  ✓ Pattern 1925 (1556 done, 0 errors)
  ✓ Pattern 1926 (1557 done, 0 errors)
  ✓ Pattern 1927 (1558 done, 0 errors)
  ✓ Pattern 1928 (1559 done, 0 errors)
  ✓ Pattern 1929 (1560 done, 0 errors)
Processing 10 patterns (starting at ID 1930)...
  ✓ Pattern 1930 (1561 done, 0 errors)
  ✓ Pattern 1931 (1562 done, 0 errors)
  ✓ Pattern 1932 (1563 done, 0 errors)
  ✓ Pattern 1933 (1564 done, 0 errors)
  ✓ Pattern 1934 (1565 done, 0 errors)
  ✓ Pattern 1935 (1566 done, 0 errors)
  ✓ Pattern 1936 (1567 done, 0 errors)
  ✓ Pattern 1938 (1568 done, 0 errors)
  ✓ Pattern 1939 (1569 done, 0 errors)
  ✓ Pattern 1942 (1570 done, 0 errors)
Processing 10 patterns (starting at ID 1943)...
  ✓ Pattern 1943 (1571 done, 0 errors)
  ✓ Pattern 1944 (1572 done, 0 errors)
  ✓ Pattern 1945 (1573 done, 0 errors)
  ✓ Pattern 1946 (1574 done, 0 errors)
  ✓ Pattern 1947 (1575 done, 0 errors)
  ✓ Pattern 1948 (1576 done, 0 errors)
  ✓ Pattern 1949 (1577 done, 0 errors)
  ✓ Pattern 1950 (1578 done, 0 errors)
  ✓ Pattern 1951 (1579 done, 0 errors)
  ✓ Pattern 1952 (1580 done, 0 errors)
Processing 10 patterns (starting at ID 1953)...
  ✓ Pattern 1953 (1581 done, 0 errors)
  ✓ Pattern 1954 (1582 done, 0 errors)
  ✓ Pattern 1955 (1583 done, 0 errors)
  ✓ Pattern 1956 (1584 done, 0 errors)
  ✓ Pattern 1957 (1585 done, 0 errors)
  ✓ Pattern 1958 (1586 done, 0 errors)
  ✓ Pattern 1959 (1587 done, 0 errors)
  ✓ Pattern 1960 (1588 done, 0 errors)
  ✓ Pattern 1961 (1589 done, 0 errors)
  ✓ Pattern 1962 (1590 done, 0 errors)
Processing 10 patterns (starting at ID 1963)...
  ✓ Pattern 1963 (1591 done, 0 errors)
  ✓ Pattern 1964 (1592 done, 0 errors)
  ✓ Pattern 1965 (1593 done, 0 errors)
  ✓ Pattern 1966 (1594 done, 0 errors)
  ✓ Pattern 1967 (1595 done, 0 errors)
  ✓ Pattern 1968 (1596 done, 0 errors)
  ✓ Pattern 1969 (1597 done, 0 errors)
  ✓ Pattern 1970 (1598 done, 0 errors)
  ✓ Pattern 1971 (1599 done, 0 errors)
  ✓ Pattern 1973 (1600 done, 0 errors)
Processing 10 patterns (starting at ID 1974)...
  ✓ Pattern 1974 (1601 done, 0 errors)
  ✓ Pattern 1975 (1602 done, 0 errors)
  ✓ Pattern 1976 (1603 done, 0 errors)
  ✓ Pattern 1977 (1604 done, 0 errors)
  ✓ Pattern 1978 (1605 done, 0 errors)
  ✓ Pattern 1979 (1606 done, 0 errors)
  ✓ Pattern 1980 (1607 done, 0 errors)
  ✓ Pattern 1981 (1608 done, 0 errors)
  ✓ Pattern 1982 (1609 done, 0 errors)
  ✓ Pattern 1983 (1610 done, 0 errors)
Processing 10 patterns (starting at ID 1984)...
  ✓ Pattern 1984 (1611 done, 0 errors)
  ✓ Pattern 1985 (1612 done, 0 errors)
  ✓ Pattern 1986 (1613 done, 0 errors)
  ✓ Pattern 1988 (1614 done, 0 errors)
  ✓ Pattern 1989 (1615 done, 0 errors)
  ✓ Pattern 1990 (1616 done, 0 errors)
  ✓ Pattern 1991 (1617 done, 0 errors)
  ✓ Pattern 1992 (1618 done, 0 errors)
  ✓ Pattern 1993 (1619 done, 0 errors)
  ✓ Pattern 1994 (1620 done, 0 errors)
Processing 10 patterns (starting at ID 1995)...
  ✓ Pattern 1995 (1621 done, 0 errors)
  ✓ Pattern 1997 (1622 done, 0 errors)
  ✓ Pattern 1998 (1623 done, 0 errors)
  ✓ Pattern 1999 (1624 done, 0 errors)
  ✓ Pattern 2000 (1625 done, 0 errors)
  ✓ Pattern 2001 (1626 done, 0 errors)
  ✓ Pattern 2002 (1627 done, 0 errors)
  ✓ Pattern 2003 (1628 done, 0 errors)
  ✓ Pattern 2004 (1629 done, 0 errors)
  ✓ Pattern 2005 (1630 done, 0 errors)
Processing 10 patterns (starting at ID 2006)...
  ✓ Pattern 2006 (1631 done, 0 errors)
  ✓ Pattern 2007 (1632 done, 0 errors)
  ✓ Pattern 2008 (1633 done, 0 errors)
  ✓ Pattern 2009 (1634 done, 0 errors)
  ✓ Pattern 2010 (1635 done, 0 errors)
  ✓ Pattern 2011 (1636 done, 0 errors)
  ✓ Pattern 2012 (1637 done, 0 errors)
  ✓ Pattern 2013 (1638 done, 0 errors)
  ✓ Pattern 2014 (1639 done, 0 errors)
  ✓ Pattern 2015 (1640 done, 0 errors)
Processing 10 patterns (starting at ID 2016)...
  ✓ Pattern 2016 (1641 done, 0 errors)
  ✓ Pattern 2017 (1642 done, 0 errors)
  ✓ Pattern 2018 (1643 done, 0 errors)
  ✓ Pattern 2019 (1644 done, 0 errors)
  ✓ Pattern 2020 (1645 done, 0 errors)
  ✓ Pattern 2021 (1646 done, 0 errors)
  ✓ Pattern 2022 (1647 done, 0 errors)
  ✓ Pattern 2023 (1648 done, 0 errors)
  ✓ Pattern 2024 (1649 done, 0 errors)
  ✓ Pattern 2026 (1650 done, 0 errors)
Processing 10 patterns (starting at ID 2027)...
  ✓ Pattern 2027 (1651 done, 0 errors)
  ✓ Pattern 2028 (1652 done, 0 errors)
  ✓ Pattern 2029 (1653 done, 0 errors)
  ✓ Pattern 2030 (1654 done, 0 errors)
  ✓ Pattern 2031 (1655 done, 0 errors)
  ✓ Pattern 2032 (1656 done, 0 errors)
  ✓ Pattern 2033 (1657 done, 0 errors)
  ✓ Pattern 2034 (1658 done, 0 errors)
  ✓ Pattern 2035 (1659 done, 0 errors)
  ✓ Pattern 2036 (1660 done, 0 errors)
Processing 10 patterns (starting at ID 2037)...
  ✓ Pattern 2037 (1661 done, 0 errors)
  ✓ Pattern 2038 (1662 done, 0 errors)
  ✓ Pattern 2039 (1663 done, 0 errors)
  ✓ Pattern 2040 (1664 done, 0 errors)
  ✓ Pattern 2041 (1665 done, 0 errors)
  ✓ Pattern 2042 (1666 done, 0 errors)
  ✓ Pattern 2043 (1667 done, 0 errors)
  ✓ Pattern 2044 (1668 done, 0 errors)
  ✓ Pattern 2045 (1669 done, 0 errors)
  ✓ Pattern 2046 (1670 done, 0 errors)
Processing 10 patterns (starting at ID 2047)...
  ✓ Pattern 2047 (1671 done, 0 errors)
  ✓ Pattern 2048 (1672 done, 0 errors)
  ✓ Pattern 2049 (1673 done, 0 errors)
  ✓ Pattern 2050 (1674 done, 0 errors)
  ✓ Pattern 2051 (1675 done, 0 errors)
  ✓ Pattern 2052 (1676 done, 0 errors)
  ✓ Pattern 2053 (1677 done, 0 errors)
  ✓ Pattern 2054 (1678 done, 0 errors)
  ✓ Pattern 2055 (1679 done, 0 errors)
  ✓ Pattern 2056 (1680 done, 0 errors)
Processing 10 patterns (starting at ID 2057)...
  ✓ Pattern 2057 (1681 done, 0 errors)
  ✓ Pattern 2058 (1682 done, 0 errors)
  ✓ Pattern 2059 (1683 done, 0 errors)
  ✓ Pattern 2060 (1684 done, 0 errors)
  ✓ Pattern 2062 (1685 done, 0 errors)
  ✓ Pattern 2063 (1686 done, 0 errors)
  ✓ Pattern 2064 (1687 done, 0 errors)
  ✓ Pattern 2065 (1688 done, 0 errors)
  ✓ Pattern 2066 (1689 done, 0 errors)
  ✓ Pattern 2067 (1690 done, 0 errors)
Processing 10 patterns (starting at ID 2068)...
  ✓ Pattern 2068 (1691 done, 0 errors)
  ✓ Pattern 2069 (1692 done, 0 errors)
  ✓ Pattern 2070 (1693 done, 0 errors)
  ✓ Pattern 2071 (1694 done, 0 errors)
  ✓ Pattern 2072 (1695 done, 0 errors)
  ✓ Pattern 2073 (1696 done, 0 errors)
  ✓ Pattern 2074 (1697 done, 0 errors)
  ✓ Pattern 2075 (1698 done, 0 errors)
  ✓ Pattern 2076 (1699 done, 0 errors)
  ✓ Pattern 2077 (1700 done, 0 errors)
Processing 10 patterns (starting at ID 2078)...
  ✓ Pattern 2078 (1701 done, 0 errors)
  ✓ Pattern 2079 (1702 done, 0 errors)
  ✓ Pattern 2080 (1703 done, 0 errors)
  ✓ Pattern 2081 (1704 done, 0 errors)
  ✓ Pattern 2082 (1705 done, 0 errors)
  ✓ Pattern 2083 (1706 done, 0 errors)
  ✓ Pattern 2084 (1707 done, 0 errors)
  ✓ Pattern 2085 (1708 done, 0 errors)
  ✓ Pattern 2086 (1709 done, 0 errors)
  ✓ Pattern 2087 (1710 done, 0 errors)
Processing 10 patterns (starting at ID 2088)...
  ✓ Pattern 2088 (1711 done, 0 errors)
  ✓ Pattern 2089 (1712 done, 0 errors)
  ✓ Pattern 2090 (1713 done, 0 errors)
  ✓ Pattern 2091 (1714 done, 0 errors)
  ✓ Pattern 2092 (1715 done, 0 errors)
  ✓ Pattern 2093 (1716 done, 0 errors)
  ✓ Pattern 2094 (1717 done, 0 errors)
  ✓ Pattern 2095 (1718 done, 0 errors)
  ✓ Pattern 2096 (1719 done, 0 errors)
  ✓ Pattern 2097 (1720 done, 0 errors)
Processing 10 patterns (starting at ID 2098)...
  ✓ Pattern 2098 (1721 done, 0 errors)
  ✓ Pattern 2099 (1722 done, 0 errors)
  ✓ Pattern 2100 (1723 done, 0 errors)
  ✓ Pattern 2101 (1724 done, 0 errors)
  ✓ Pattern 2102 (1725 done, 0 errors)
  ✓ Pattern 2103 (1726 done, 0 errors)
  ✓ Pattern 2104 (1727 done, 0 errors)
  ✓ Pattern 2105 (1728 done, 0 errors)
  ✓ Pattern 2106 (1729 done, 0 errors)
  ✓ Pattern 2107 (1730 done, 0 errors)
Processing 10 patterns (starting at ID 2108)...
  ✓ Pattern 2108 (1731 done, 0 errors)
  ✓ Pattern 2109 (1732 done, 0 errors)
  ✓ Pattern 2110 (1733 done, 0 errors)
  ✓ Pattern 2111 (1734 done, 0 errors)
  ✓ Pattern 2112 (1735 done, 0 errors)
  ✓ Pattern 2113 (1736 done, 0 errors)
  ✓ Pattern 2114 (1737 done, 0 errors)
  ✓ Pattern 2115 (1738 done, 0 errors)
  ✓ Pattern 2116 (1739 done, 0 errors)
  ✓ Pattern 2117 (1740 done, 0 errors)
Processing 10 patterns (starting at ID 2118)...
  ✓ Pattern 2118 (1741 done, 0 errors)
  ✓ Pattern 2119 (1742 done, 0 errors)
  ✓ Pattern 2120 (1743 done, 0 errors)
  ✓ Pattern 2121 (1744 done, 0 errors)
  ✓ Pattern 2122 (1745 done, 0 errors)
  ✓ Pattern 2123 (1746 done, 0 errors)
  ✓ Pattern 2124 (1747 done, 0 errors)
  ✓ Pattern 2125 (1748 done, 0 errors)
  ✓ Pattern 2126 (1749 done, 0 errors)
  ✓ Pattern 2127 (1750 done, 0 errors)
Processing 10 patterns (starting at ID 2128)...
  ✓ Pattern 2128 (1751 done, 0 errors)
  ✓ Pattern 2129 (1752 done, 0 errors)
  ✓ Pattern 2130 (1753 done, 0 errors)
  ✓ Pattern 2131 (1754 done, 0 errors)
  ✓ Pattern 2132 (1755 done, 0 errors)
  ✓ Pattern 2133 (1756 done, 0 errors)
  ✓ Pattern 2134 (1757 done, 0 errors)
  ✓ Pattern 2135 (1758 done, 0 errors)
  ✓ Pattern 2136 (1759 done, 0 errors)
  ✓ Pattern 2137 (1760 done, 0 errors)
Processing 10 patterns (starting at ID 2138)...
  ✓ Pattern 2138 (1761 done, 0 errors)
  ✓ Pattern 2139 (1762 done, 0 errors)
  ✓ Pattern 2140 (1763 done, 0 errors)
  ✓ Pattern 2141 (1764 done, 0 errors)
  ✓ Pattern 2142 (1765 done, 0 errors)
  ✓ Pattern 2143 (1766 done, 0 errors)
  ✓ Pattern 2144 (1767 done, 0 errors)
  ✓ Pattern 2145 (1768 done, 0 errors)
  ✓ Pattern 2146 (1769 done, 0 errors)
  ✓ Pattern 2147 (1770 done, 0 errors)
Processing 10 patterns (starting at ID 2148)...
  ✓ Pattern 2148 (1771 done, 0 errors)
  ✓ Pattern 2149 (1772 done, 0 errors)
  ✓ Pattern 2150 (1773 done, 0 errors)
  ✓ Pattern 2151 (1774 done, 0 errors)
  ✓ Pattern 2152 (1775 done, 0 errors)
  ✓ Pattern 2153 (1776 done, 0 errors)
  ✓ Pattern 2154 (1777 done, 0 errors)
  ✓ Pattern 2155 (1778 done, 0 errors)
  ✓ Pattern 2156 (1779 done, 0 errors)
  ✓ Pattern 2157 (1780 done, 0 errors)
Processing 10 patterns (starting at ID 2158)...
  ✓ Pattern 2158 (1781 done, 0 errors)
  ✓ Pattern 2159 (1782 done, 0 errors)
  ✓ Pattern 2160 (1783 done, 0 errors)
  ✓ Pattern 2161 (1784 done, 0 errors)
  ✓ Pattern 2162 (1785 done, 0 errors)
  ✓ Pattern 2163 (1786 done, 0 errors)
  ✓ Pattern 2164 (1787 done, 0 errors)
  ✓ Pattern 2165 (1788 done, 0 errors)
  ✓ Pattern 2166 (1789 done, 0 errors)
  ✓ Pattern 2167 (1790 done, 0 errors)
Processing 10 patterns (starting at ID 2168)...
  ✓ Pattern 2168 (1791 done, 0 errors)
  ✓ Pattern 2169 (1792 done, 0 errors)
  ✓ Pattern 2170 (1793 done, 0 errors)
  ✓ Pattern 2171 (1794 done, 0 errors)
  ✓ Pattern 2172 (1795 done, 0 errors)
  ✓ Pattern 2173 (1796 done, 0 errors)
  ✓ Pattern 2174 (1797 done, 0 errors)
  ✓ Pattern 2175 (1798 done, 0 errors)
  ✓ Pattern 2176 (1799 done, 0 errors)
  ✓ Pattern 2177 (1800 done, 0 errors)
Processing 10 patterns (starting at ID 2178)...
  ✓ Pattern 2178 (1801 done, 0 errors)
  ✓ Pattern 2179 (1802 done, 0 errors)
  ✓ Pattern 2180 (1803 done, 0 errors)
  ✓ Pattern 2181 (1804 done, 0 errors)
  ✓ Pattern 2182 (1805 done, 0 errors)
  ✓ Pattern 2183 (1806 done, 0 errors)
  ✓ Pattern 2184 (1807 done, 0 errors)
  ✓ Pattern 2185 (1808 done, 0 errors)
  ✓ Pattern 2186 (1809 done, 0 errors)
  ✓ Pattern 2187 (1810 done, 0 errors)
Processing 10 patterns (starting at ID 2188)...
  ✓ Pattern 2188 (1811 done, 0 errors)
  ✓ Pattern 2189 (1812 done, 0 errors)
  ✓ Pattern 2190 (1813 done, 0 errors)
  ✓ Pattern 2191 (1814 done, 0 errors)
  ✓ Pattern 2192 (1815 done, 0 errors)
  ✓ Pattern 2193 (1816 done, 0 errors)
  ✓ Pattern 2194 (1817 done, 0 errors)
  ✓ Pattern 2195 (1818 done, 0 errors)
  ✓ Pattern 2196 (1819 done, 0 errors)
  ✓ Pattern 2197 (1820 done, 0 errors)
Processing 10 patterns (starting at ID 2198)...
  ✓ Pattern 2198 (1821 done, 0 errors)
  ✓ Pattern 2199 (1822 done, 0 errors)
  ✓ Pattern 2200 (1823 done, 0 errors)
  ✓ Pattern 2201 (1824 done, 0 errors)
  ✓ Pattern 2202 (1825 done, 0 errors)
  ✓ Pattern 2203 (1826 done, 0 errors)
  ✓ Pattern 2204 (1827 done, 0 errors)
  ✓ Pattern 2205 (1828 done, 0 errors)
  ✓ Pattern 2206 (1829 done, 0 errors)
  ✓ Pattern 2207 (1830 done, 0 errors)
Processing 10 patterns (starting at ID 2208)...
  ✓ Pattern 2208 (1831 done, 0 errors)
  ✓ Pattern 2209 (1832 done, 0 errors)
  ✓ Pattern 2210 (1833 done, 0 errors)
  ✓ Pattern 2211 (1834 done, 0 errors)
  ✓ Pattern 2212 (1835 done, 0 errors)
  ✓ Pattern 2213 (1836 done, 0 errors)
  ✓ Pattern 2214 (1837 done, 0 errors)
  ✓ Pattern 2215 (1838 done, 0 errors)
  ✓ Pattern 2216 (1839 done, 0 errors)
  ✓ Pattern 2217 (1840 done, 0 errors)
Processing 10 patterns (starting at ID 2218)...
  ✓ Pattern 2218 (1841 done, 0 errors)
  ✓ Pattern 2219 (1842 done, 0 errors)
  ✓ Pattern 2220 (1843 done, 0 errors)
  ✓ Pattern 2221 (1844 done, 0 errors)
  ✓ Pattern 2222 (1845 done, 0 errors)
  ✓ Pattern 2223 (1846 done, 0 errors)
  ✓ Pattern 2224 (1847 done, 0 errors)
  ✓ Pattern 2225 (1848 done, 0 errors)
  ✓ Pattern 2226 (1849 done, 0 errors)
  ✓ Pattern 2227 (1850 done, 0 errors)
Processing 10 patterns (starting at ID 2228)...
  ✓ Pattern 2228 (1851 done, 0 errors)
  ✓ Pattern 2229 (1852 done, 0 errors)
  ✓ Pattern 2230 (1853 done, 0 errors)
  ✓ Pattern 2231 (1854 done, 0 errors)
  ✓ Pattern 2232 (1855 done, 0 errors)
  ✓ Pattern 2233 (1856 done, 0 errors)
  ✓ Pattern 2234 (1857 done, 0 errors)
  ✓ Pattern 2235 (1858 done, 0 errors)
  ✓ Pattern 2236 (1859 done, 0 errors)
  ✓ Pattern 2237 (1860 done, 0 errors)
Processing 10 patterns (starting at ID 2238)...
  ✓ Pattern 2238 (1861 done, 0 errors)
  ✓ Pattern 2239 (1862 done, 0 errors)
  ✓ Pattern 2240 (1863 done, 0 errors)
  ✓ Pattern 2241 (1864 done, 0 errors)
  ✓ Pattern 2242 (1865 done, 0 errors)
  ✓ Pattern 2243 (1866 done, 0 errors)
  ✓ Pattern 2244 (1867 done, 0 errors)
  ✓ Pattern 2245 (1868 done, 0 errors)
  ✓ Pattern 2246 (1869 done, 0 errors)
  ✓ Pattern 2247 (1870 done, 0 errors)
Processing 10 patterns (starting at ID 2248)...
  ✓ Pattern 2248 (1871 done, 0 errors)
  ✓ Pattern 2249 (1872 done, 0 errors)
  ✓ Pattern 2250 (1873 done, 0 errors)
  ✓ Pattern 2251 (1874 done, 0 errors)
  ✓ Pattern 2252 (1875 done, 0 errors)
  ✓ Pattern 2253 (1876 done, 0 errors)
  ✓ Pattern 2254 (1877 done, 0 errors)
  ✓ Pattern 2255 (1878 done, 0 errors)
  ✓ Pattern 2256 (1879 done, 0 errors)
  ✓ Pattern 2257 (1880 done, 0 errors)
Processing 10 patterns (starting at ID 2258)...
  ✓ Pattern 2258 (1881 done, 0 errors)
  ✓ Pattern 2259 (1882 done, 0 errors)
  ✓ Pattern 2260 (1883 done, 0 errors)
  ✓ Pattern 2261 (1884 done, 0 errors)
  ✓ Pattern 2262 (1885 done, 0 errors)
  ✓ Pattern 2263 (1886 done, 0 errors)
  ✓ Pattern 2264 (1887 done, 0 errors)
  ✓ Pattern 2265 (1888 done, 0 errors)
  ✓ Pattern 2266 (1889 done, 0 errors)
  ✓ Pattern 2267 (1890 done, 0 errors)
Processing 10 patterns (starting at ID 2268)...
  ✓ Pattern 2268 (1891 done, 0 errors)
  ✓ Pattern 2269 (1892 done, 0 errors)
  ✓ Pattern 2270 (1893 done, 0 errors)
  ✓ Pattern 2271 (1894 done, 0 errors)
  ✓ Pattern 2272 (1895 done, 0 errors)
  ✓ Pattern 2273 (1896 done, 0 errors)
  ✓ Pattern 2274 (1897 done, 0 errors)
  ✓ Pattern 2275 (1898 done, 0 errors)
  ✓ Pattern 2276 (1899 done, 0 errors)
  ✓ Pattern 2277 (1900 done, 0 errors)
Processing 10 patterns (starting at ID 2278)...
  ✓ Pattern 2278 (1901 done, 0 errors)
  ✓ Pattern 2279 (1902 done, 0 errors)
  ✓ Pattern 2280 (1903 done, 0 errors)
  ✓ Pattern 2281 (1904 done, 0 errors)
  ✓ Pattern 2282 (1905 done, 0 errors)
  ✓ Pattern 2283 (1906 done, 0 errors)
  ✓ Pattern 2284 (1907 done, 0 errors)
  ✓ Pattern 2285 (1908 done, 0 errors)
  ✓ Pattern 2286 (1909 done, 0 errors)
  ✓ Pattern 2287 (1910 done, 0 errors)
Processing 10 patterns (starting at ID 2288)...
  ✓ Pattern 2288 (1911 done, 0 errors)
  ✓ Pattern 2289 (1912 done, 0 errors)
  ✓ Pattern 2290 (1913 done, 0 errors)
  ✓ Pattern 2291 (1914 done, 0 errors)
  ✓ Pattern 2292 (1915 done, 0 errors)
  ✓ Pattern 2293 (1916 done, 0 errors)
  ✓ Pattern 2294 (1917 done, 0 errors)
  ✓ Pattern 2295 (1918 done, 0 errors)
  ✓ Pattern 2296 (1919 done, 0 errors)
  ✓ Pattern 2297 (1920 done, 0 errors)
Processing 10 patterns (starting at ID 2298)...
  ✓ Pattern 2298 (1921 done, 0 errors)
  ✓ Pattern 2299 (1922 done, 0 errors)
  ✓ Pattern 2300 (1923 done, 0 errors)
  ✓ Pattern 2301 (1924 done, 0 errors)
  ✓ Pattern 2302 (1925 done, 0 errors)
  ✓ Pattern 2303 (1926 done, 0 errors)
  ✓ Pattern 2304 (1927 done, 0 errors)
  ✓ Pattern 2305 (1928 done, 0 errors)
  ✓ Pattern 2306 (1929 done, 0 errors)
  ✓ Pattern 2307 (1930 done, 0 errors)
Processing 10 patterns (starting at ID 2308)...
  ✓ Pattern 2308 (1931 done, 0 errors)
  ✓ Pattern 2309 (1932 done, 0 errors)
  ✓ Pattern 2310 (1933 done, 0 errors)
  ✓ Pattern 2311 (1934 done, 0 errors)
  ✓ Pattern 2312 (1935 done, 0 errors)
  ✓ Pattern 2313 (1936 done, 0 errors)
  ✓ Pattern 2314 (1937 done, 0 errors)
  ✓ Pattern 2316 (1938 done, 0 errors)
  ✓ Pattern 2317 (1939 done, 0 errors)
  ✓ Pattern 2318 (1940 done, 0 errors)
Processing 10 patterns (starting at ID 2319)...
  ✓ Pattern 2319 (1941 done, 0 errors)
  ✓ Pattern 2320 (1942 done, 0 errors)
  ✓ Pattern 2321 (1943 done, 0 errors)
  ✓ Pattern 2322 (1944 done, 0 errors)
  ✓ Pattern 2323 (1945 done, 0 errors)
  ✓ Pattern 2324 (1946 done, 0 errors)
  ✓ Pattern 2325 (1947 done, 0 errors)
  ✓ Pattern 2326 (1948 done, 0 errors)
  ✓ Pattern 2327 (1949 done, 0 errors)
  ✓ Pattern 2328 (1950 done, 0 errors)
Processing 10 patterns (starting at ID 2329)...
  ✓ Pattern 2329 (1951 done, 0 errors)
  ✓ Pattern 2330 (1952 done, 0 errors)
  ✓ Pattern 2331 (1953 done, 0 errors)
  ✓ Pattern 2332 (1954 done, 0 errors)
  ✓ Pattern 2333 (1955 done, 0 errors)
  ✓ Pattern 2334 (1956 done, 0 errors)
  ✓ Pattern 2335 (1957 done, 0 errors)
  ✓ Pattern 2336 (1958 done, 0 errors)
  ✓ Pattern 2337 (1959 done, 0 errors)
  ✓ Pattern 2338 (1960 done, 0 errors)
Processing 10 patterns (starting at ID 2339)...
  ✓ Pattern 2339 (1961 done, 0 errors)
  ✓ Pattern 2340 (1962 done, 0 errors)
  ✓ Pattern 2341 (1963 done, 0 errors)
  ✓ Pattern 2342 (1964 done, 0 errors)
  ✓ Pattern 2343 (1965 done, 0 errors)
  ✓ Pattern 2344 (1966 done, 0 errors)
  ✓ Pattern 2345 (1967 done, 0 errors)
  ✓ Pattern 2346 (1968 done, 0 errors)
  ✓ Pattern 2347 (1969 done, 0 errors)
  ✓ Pattern 2348 (1970 done, 0 errors)
Processing 10 patterns (starting at ID 2349)...
  ✓ Pattern 2349 (1971 done, 0 errors)
  ✓ Pattern 2350 (1972 done, 0 errors)
  ✓ Pattern 2351 (1973 done, 0 errors)
  ✓ Pattern 2352 (1974 done, 0 errors)
  ✓ Pattern 2353 (1975 done, 0 errors)
  ✓ Pattern 2354 (1976 done, 0 errors)
  ✓ Pattern 2355 (1977 done, 0 errors)
  ✓ Pattern 2356 (1978 done, 0 errors)
  ✓ Pattern 2357 (1979 done, 0 errors)
  ✓ Pattern 2358 (1980 done, 0 errors)
Processing 10 patterns (starting at ID 2359)...
  ✓ Pattern 2359 (1981 done, 0 errors)
  ✓ Pattern 2360 (1982 done, 0 errors)
  ✓ Pattern 2361 (1983 done, 0 errors)
  ✓ Pattern 2362 (1984 done, 0 errors)
  ✓ Pattern 2363 (1985 done, 0 errors)
  ✓ Pattern 2364 (1986 done, 0 errors)
  ✓ Pattern 2365 (1987 done, 0 errors)
  ✓ Pattern 2366 (1988 done, 0 errors)
  ✓ Pattern 2367 (1989 done, 0 errors)
  ✓ Pattern 2368 (1990 done, 0 errors)
Processing 10 patterns (starting at ID 2369)...
  ✓ Pattern 2369 (1991 done, 0 errors)
  ✓ Pattern 2370 (1992 done, 0 errors)
  ✓ Pattern 2371 (1993 done, 0 errors)
  ✓ Pattern 2372 (1994 done, 0 errors)
  ✓ Pattern 2373 (1995 done, 0 errors)
  ✓ Pattern 2374 (1996 done, 0 errors)
  ✓ Pattern 2375 (1997 done, 0 errors)
  ✓ Pattern 2376 (1998 done, 0 errors)
  ✓ Pattern 2377 (1999 done, 0 errors)
  ✓ Pattern 2378 (2000 done, 0 errors)
Processing 10 patterns (starting at ID 2379)...
  ✓ Pattern 2379 (2001 done, 0 errors)
  ✓ Pattern 2380 (2002 done, 0 errors)
  ✓ Pattern 2381 (2003 done, 0 errors)
  ✓ Pattern 2382 (2004 done, 0 errors)
  ✓ Pattern 2383 (2005 done, 0 errors)
  ✓ Pattern 2384 (2006 done, 0 errors)
  ✓ Pattern 2385 (2007 done, 0 errors)
  ✓ Pattern 2386 (2008 done, 0 errors)
  ✓ Pattern 2387 (2009 done, 0 errors)
  ✓ Pattern 2388 (2010 done, 0 errors)
Processing 10 patterns (starting at ID 2389)...
  ✓ Pattern 2389 (2011 done, 0 errors)
  ✓ Pattern 2390 (2012 done, 0 errors)
  ✓ Pattern 2391 (2013 done, 0 errors)
  ✓ Pattern 2392 (2014 done, 0 errors)
  ✓ Pattern 2393 (2015 done, 0 errors)
  ✓ Pattern 2394 (2016 done, 0 errors)
  ✓ Pattern 2395 (2017 done, 0 errors)
  ✓ Pattern 2396 (2018 done, 0 errors)
  ✓ Pattern 2397 (2019 done, 0 errors)
  ✓ Pattern 2398 (2020 done, 0 errors)
Processing 10 patterns (starting at ID 2399)...
  ✓ Pattern 2399 (2021 done, 0 errors)
  ✓ Pattern 2400 (2022 done, 0 errors)
  ✓ Pattern 2401 (2023 done, 0 errors)
  ✓ Pattern 2402 (2024 done, 0 errors)
  ✓ Pattern 2403 (2025 done, 0 errors)
  ✓ Pattern 2404 (2026 done, 0 errors)
  ✓ Pattern 2405 (2027 done, 0 errors)
  ✓ Pattern 2406 (2028 done, 0 errors)
  ✓ Pattern 2407 (2029 done, 0 errors)
  ✓ Pattern 2408 (2030 done, 0 errors)
Processing 10 patterns (starting at ID 2409)...
  ✓ Pattern 2409 (2031 done, 0 errors)
  ✓ Pattern 2410 (2032 done, 0 errors)
  ✓ Pattern 2411 (2033 done, 0 errors)
  ✓ Pattern 2412 (2034 done, 0 errors)
  ✓ Pattern 2413 (2035 done, 0 errors)
  ✓ Pattern 2414 (2036 done, 0 errors)
  ✓ Pattern 2415 (2037 done, 0 errors)
  ✓ Pattern 2416 (2038 done, 0 errors)
  ✓ Pattern 2417 (2039 done, 0 errors)
  ✓ Pattern 2418 (2040 done, 0 errors)
Processing 10 patterns (starting at ID 2419)...
  ✓ Pattern 2419 (2041 done, 0 errors)
  ✓ Pattern 2420 (2042 done, 0 errors)
  ✓ Pattern 2421 (2043 done, 0 errors)
  ✓ Pattern 2422 (2044 done, 0 errors)
  ✓ Pattern 2423 (2045 done, 0 errors)
  ✓ Pattern 2424 (2046 done, 0 errors)
  ✓ Pattern 2425 (2047 done, 0 errors)
  ✓ Pattern 2426 (2048 done, 0 errors)
  ✓ Pattern 2427 (2049 done, 0 errors)
  ✓ Pattern 2428 (2050 done, 0 errors)
Processing 10 patterns (starting at ID 2429)...
  ✓ Pattern 2429 (2051 done, 0 errors)
  ✓ Pattern 2430 (2052 done, 0 errors)
  ✓ Pattern 2431 (2053 done, 0 errors)
  ✓ Pattern 2432 (2054 done, 0 errors)
  ✓ Pattern 2433 (2055 done, 0 errors)
  ✓ Pattern 2434 (2056 done, 0 errors)
  ✓ Pattern 2435 (2057 done, 0 errors)
  ✓ Pattern 2436 (2058 done, 0 errors)
  ✓ Pattern 2437 (2059 done, 0 errors)
  ✓ Pattern 2438 (2060 done, 0 errors)
Processing 10 patterns (starting at ID 2439)...
  ✓ Pattern 2439 (2061 done, 0 errors)
  ✓ Pattern 2440 (2062 done, 0 errors)
  ✓ Pattern 2441 (2063 done, 0 errors)
  ✓ Pattern 2442 (2064 done, 0 errors)
  ✓ Pattern 2443 (2065 done, 0 errors)
  ✓ Pattern 2444 (2066 done, 0 errors)
  ✓ Pattern 2445 (2067 done, 0 errors)
  ✓ Pattern 2446 (2068 done, 0 errors)
  ✓ Pattern 2447 (2069 done, 0 errors)
  ✓ Pattern 2448 (2070 done, 0 errors)
Processing 10 patterns (starting at ID 2449)...
  ✓ Pattern 2449 (2071 done, 0 errors)
  ✓ Pattern 2450 (2072 done, 0 errors)
  ✓ Pattern 2451 (2073 done, 0 errors)
  ✓ Pattern 2452 (2074 done, 0 errors)
  ✓ Pattern 2453 (2075 done, 0 errors)
  ✓ Pattern 2454 (2076 done, 0 errors)
  ✓ Pattern 2455 (2077 done, 0 errors)
  ✓ Pattern 2456 (2078 done, 0 errors)
  ✓ Pattern 2457 (2079 done, 0 errors)
  ✓ Pattern 2458 (2080 done, 0 errors)
Processing 10 patterns (starting at ID 2459)...
  ✓ Pattern 2459 (2081 done, 0 errors)
  ✓ Pattern 2460 (2082 done, 0 errors)
  ✓ Pattern 2461 (2083 done, 0 errors)
  ✓ Pattern 2462 (2084 done, 0 errors)
  ✓ Pattern 2463 (2085 done, 0 errors)
  ✓ Pattern 2464 (2086 done, 0 errors)
  ✓ Pattern 2465 (2087 done, 0 errors)
  ✓ Pattern 2466 (2088 done, 0 errors)
  ✓ Pattern 2467 (2089 done, 0 errors)
  ✓ Pattern 2468 (2090 done, 0 errors)
Processing 10 patterns (starting at ID 2469)...
  ✓ Pattern 2469 (2091 done, 0 errors)
  ✓ Pattern 2470 (2092 done, 0 errors)
  ✓ Pattern 2471 (2093 done, 0 errors)
  ✓ Pattern 2472 (2094 done, 0 errors)
  ✓ Pattern 2473 (2095 done, 0 errors)
  ✓ Pattern 2474 (2096 done, 0 errors)
  ✓ Pattern 2475 (2097 done, 0 errors)
  ✓ Pattern 2479 (2098 done, 0 errors)
  ✓ Pattern 2480 (2099 done, 0 errors)
  ✓ Pattern 2481 (2100 done, 0 errors)
Processing 10 patterns (starting at ID 2482)...
  ✓ Pattern 2482 (2101 done, 0 errors)
  ✓ Pattern 2483 (2102 done, 0 errors)
  ✓ Pattern 2484 (2103 done, 0 errors)
  ✓ Pattern 2485 (2104 done, 0 errors)
  ✓ Pattern 2486 (2105 done, 0 errors)
  ✓ Pattern 2487 (2106 done, 0 errors)
  ✓ Pattern 2488 (2107 done, 0 errors)
  ✓ Pattern 2489 (2108 done, 0 errors)
  ✓ Pattern 2490 (2109 done, 0 errors)
  ✓ Pattern 2491 (2110 done, 0 errors)
Processing 10 patterns (starting at ID 2492)...
  ✓ Pattern 2492 (2111 done, 0 errors)
  ✓ Pattern 2493 (2112 done, 0 errors)
  ✓ Pattern 2494 (2113 done, 0 errors)
  ✓ Pattern 2495 (2114 done, 0 errors)
  ✓ Pattern 2496 (2115 done, 0 errors)
  ✓ Pattern 2497 (2116 done, 0 errors)
  ✓ Pattern 2498 (2117 done, 0 errors)
  ✓ Pattern 2499 (2118 done, 0 errors)
  ✓ Pattern 2500 (2119 done, 0 errors)
  ✓ Pattern 2501 (2120 done, 0 errors)
Processing 10 patterns (starting at ID 2502)...
  ✓ Pattern 2502 (2121 done, 0 errors)
  ✓ Pattern 2503 (2122 done, 0 errors)
  ✓ Pattern 2504 (2123 done, 0 errors)
  ✓ Pattern 2505 (2124 done, 0 errors)
  ✓ Pattern 2506 (2125 done, 0 errors)
  ✓ Pattern 2507 (2126 done, 0 errors)
  ✓ Pattern 2508 (2127 done, 0 errors)
  ✓ Pattern 2509 (2128 done, 0 errors)
  ✓ Pattern 2510 (2129 done, 0 errors)
  ✓ Pattern 2511 (2130 done, 0 errors)
Processing 10 patterns (starting at ID 2512)...
  ✓ Pattern 2512 (2131 done, 0 errors)
  ✓ Pattern 2513 (2132 done, 0 errors)
  ✓ Pattern 2514 (2133 done, 0 errors)
  ✓ Pattern 2515 (2134 done, 0 errors)
  ✓ Pattern 2516 (2135 done, 0 errors)
  ✓ Pattern 2517 (2136 done, 0 errors)
  ✓ Pattern 2518 (2137 done, 0 errors)
  ✓ Pattern 2519 (2138 done, 0 errors)
  ✓ Pattern 2520 (2139 done, 0 errors)
  ✓ Pattern 2521 (2140 done, 0 errors)
Processing 10 patterns (starting at ID 2522)...
  ✓ Pattern 2522 (2141 done, 0 errors)
  ✓ Pattern 2523 (2142 done, 0 errors)
  ✓ Pattern 2524 (2143 done, 0 errors)
  ✓ Pattern 2525 (2144 done, 0 errors)
  ✓ Pattern 2526 (2145 done, 0 errors)
  ✓ Pattern 2527 (2146 done, 0 errors)
  ✓ Pattern 2528 (2147 done, 0 errors)
  ✓ Pattern 2529 (2148 done, 0 errors)
  ✓ Pattern 2530 (2149 done, 0 errors)
  ✓ Pattern 2531 (2150 done, 0 errors)
Processing 10 patterns (starting at ID 2532)...
  ✓ Pattern 2532 (2151 done, 0 errors)
  ✓ Pattern 2533 (2152 done, 0 errors)
  ✓ Pattern 2534 (2153 done, 0 errors)
  ✓ Pattern 2535 (2154 done, 0 errors)
  ✓ Pattern 2536 (2155 done, 0 errors)
  ✓ Pattern 2537 (2156 done, 0 errors)
  ✓ Pattern 2538 (2157 done, 0 errors)
